Info 0    [10:21:36.714] Starting TS Server
Info 1    [10:21:36.718] Version: 4.5.5
Info 2    [10:21:36.718] Arguments: /Users/ale/.asdf/installs/nodejs/14.17.3/bin/node /Users/ale/.emacs.d/.local/etc/lsp/npm/typescript/lib/node_modules/typescript/lib/tsserver.js --logFile /Users/ale/Workspace/sepa-spikes/rust-go-cardless/.log/tsserver.log --logVerbosity info --cancellationPipeName /private/var/folders/3n/4xk2ndbx14s7l4h_xgzq5c_40000gp/T/e4f620f6e8c620c0c806b229d4175820/tscancellation*
Info 3    [10:21:36.718] Platform: darwin NodeVersion: 14 CaseSensitive: false
Info 4    [10:21:36.718] ServerMode: undefined syntaxOnly: false hasUnknownServerMode: undefined
Info 5    [10:21:36.733] Format host information updated
Info 6    [10:21:36.764] Search path: /Users/ale/Workspace/sepa-spikes/rust-go-cardless/public/src
Info 7    [10:21:36.765] For info: /Users/ale/Workspace/sepa-spikes/rust-go-cardless/public/src/payments.js :: No config files found.
Info 8    [10:21:36.769] Starting updateGraphWorker: Project: /dev/null/inferredProject1*
Info 9    [10:21:37.442] Finishing updateGraphWorker: Project: /dev/null/inferredProject1* Version: 1 structureChanged: true structureIsReused:: Not Elapsed: 673.1033430024981ms
Info 10   [10:21:37.443] Project '/dev/null/inferredProject1*' (Inferred)
Info 11   [10:21:37.443] 	Files (19)

Info 12   [10:21:37.443] -----------------------------------------------
Info 13   [10:21:41.621] Search path: /Users/ale/Workspace/sepa-spikes/rust-go-cardless/public/src
Info 14   [10:21:41.621] For info: /Users/ale/Workspace/sepa-spikes/rust-go-cardless/public/src/refunds.js :: No config files found.
Info 15   [10:21:41.622] Starting updateGraphWorker: Project: /dev/null/inferredProject2*
Info 16   [10:21:41.636] Finishing updateGraphWorker: Project: /dev/null/inferredProject2* Version: 1 structureChanged: true structureIsReused:: Not Elapsed: 14.011407993733883ms
Info 17   [10:21:41.636] Project '/dev/null/inferredProject2*' (Inferred)
Info 18   [10:21:41.636] 	Files (19)

Info 19   [10:21:41.636] -----------------------------------------------
Info 20   [10:21:43.099] Starting updateGraphWorker: Project: /dev/null/inferredProject2*
Info 21   [10:21:43.108] Finishing updateGraphWorker: Project: /dev/null/inferredProject2* Version: 2 structureChanged: false structureIsReused:: Completely Elapsed: 7.700314998626709ms
Info 22   [10:21:43.108] Different program with same set of files
Info 23   [10:21:43.820] Format host information updated
Info 24   [10:21:44.022] Starting updateGraphWorker: Project: /dev/null/inferredProject2*
Info 25   [10:21:44.028] Finishing updateGraphWorker: Project: /dev/null/inferredProject2* Version: 3 structureChanged: false structureIsReused:: Completely Elapsed: 6.162428997457027ms
Info 26   [10:21:44.028] Different program with same set of files
Info 27   [10:21:45.260] Starting updateGraphWorker: Project: /dev/null/inferredProject2*
Info 28   [10:21:45.268] Finishing updateGraphWorker: Project: /dev/null/inferredProject2* Version: 4 structureChanged: false structureIsReused:: Completely Elapsed: 8.207910001277924ms
Info 29   [10:21:45.268] Different program with same set of files
Info 30   [10:21:45.732] Format host information updated
Info 31   [10:23:41.766] Starting updateGraphWorker: Project: /dev/null/inferredProject2*
Info 32   [10:23:41.773] Finishing updateGraphWorker: Project: /dev/null/inferredProject2* Version: 5 structureChanged: false structureIsReused:: Completely Elapsed: 6.703285999596119ms
Info 33   [10:23:41.773] Different program with same set of files
Info 34   [10:23:44.700] Starting updateGraphWorker: Project: /dev/null/inferredProject2*
Info 35   [10:23:44.705] Finishing updateGraphWorker: Project: /dev/null/inferredProject2* Version: 6 structureChanged: false structureIsReused:: Completely Elapsed: 5.142825998365879ms
Info 36   [10:23:44.705] Different program with same set of files
Info 37   [10:23:45.456] Starting updateGraphWorker: Project: /dev/null/inferredProject2*
Info 38   [10:23:45.462] Finishing updateGraphWorker: Project: /dev/null/inferredProject2* Version: 7 structureChanged: false structureIsReused:: Completely Elapsed: 5.315795004367828ms
Info 39   [10:23:45.462] Different program with same set of files
Info 40   [10:23:45.994] Starting updateGraphWorker: Project: /dev/null/inferredProject2*
Info 41   [10:23:46.000] Finishing updateGraphWorker: Project: /dev/null/inferredProject2* Version: 8 structureChanged: false structureIsReused:: Completely Elapsed: 5.623337000608444ms
Info 42   [10:23:46.000] Different program with same set of files
Info 43   [10:23:46.396] Starting updateGraphWorker: Project: /dev/null/inferredProject2*
Info 44   [10:23:46.401] Finishing updateGraphWorker: Project: /dev/null/inferredProject2* Version: 9 structureChanged: false structureIsReused:: Completely Elapsed: 4.3327319994568825ms
Info 45   [10:23:46.401] Different program with same set of files
Info 46   [10:23:47.307] Starting updateGraphWorker: Project: /dev/null/inferredProject2*
Info 47   [10:23:47.312] Finishing updateGraphWorker: Project: /dev/null/inferredProject2* Version: 10 structureChanged: false structureIsReused:: Completely Elapsed: 4.898671001195908ms
Info 48   [10:23:47.312] Different program with same set of files
Info 49   [10:23:47.760] Starting updateGraphWorker: Project: /dev/null/inferredProject2*
Info 50   [10:23:47.764] Finishing updateGraphWorker: Project: /dev/null/inferredProject2* Version: 11 structureChanged: false structureIsReused:: Completely Elapsed: 4.125244006514549ms
Info 51   [10:23:47.764] Different program with same set of files
Info 52   [10:23:48.037] Starting updateGraphWorker: Project: /dev/null/inferredProject2*
Info 53   [10:23:48.044] Finishing updateGraphWorker: Project: /dev/null/inferredProject2* Version: 12 structureChanged: false structureIsReused:: Completely Elapsed: 4.372780002653599ms
Info 54   [10:23:48.044] Different program with same set of files
Info 55   [10:23:48.492] Format host information updated
Info 56   [10:23:51.565] Starting updateGraphWorker: Project: /dev/null/inferredProject2*
Info 57   [10:23:51.571] Finishing updateGraphWorker: Project: /dev/null/inferredProject2* Version: 13 structureChanged: false structureIsReused:: Completely Elapsed: 6.079150997102261ms
Info 58   [10:23:51.571] Different program with same set of files
Info 59   [10:23:52.494] Starting updateGraphWorker: Project: /dev/null/inferredProject2*
Info 60   [10:23:52.501] Finishing updateGraphWorker: Project: /dev/null/inferredProject2* Version: 14 structureChanged: false structureIsReused:: Completely Elapsed: 7.159418001770973ms
Info 61   [10:23:52.501] Different program with same set of files
Info 62   [10:23:52.503] getCompletionData: Get current token: 0.026746995747089386
Info 63   [10:23:52.503] getCompletionData: Is inside comment: 0.059790000319480896
Info 64   [10:23:52.503] getCompletionData: Get previous token: 0.09315499663352966
Info 65   [10:23:52.503] getCompletionsAtPosition: isCompletionListBlocker: 0.1691889986395836
Info 66   [10:23:52.504] Returning an empty list because completion was requested in an invalid position.
Info 67   [10:23:52.529] getCompletionData: Get current token: 0.020652003586292267
Info 68   [10:23:52.529] getCompletionData: Is inside comment: 0.046553999185562134
Info 69   [10:23:52.529] getCompletionData: Get previous token: 0.06714899837970734
Info 70   [10:23:52.530] getCompletionsAtPosition: isCompletionListBlocker: 0.0027579963207244873
Info 71   [10:23:52.530] Returning an empty list because completion was requested in an invalid position.
Info 72   [10:23:52.533] getCompletionData: Get current token: 0.0198730006814003
Info 73   [10:23:52.533] getCompletionData: Is inside comment: 0.04736500233411789
Info 74   [10:23:52.533] getCompletionData: Get previous token: 0.07037299871444702
Info 75   [10:23:52.533] getCompletionsAtPosition: isCompletionListBlocker: 0.002696000039577484
Info 76   [10:23:52.533] Returning an empty list because completion was requested in an invalid position.
Info 77   [10:23:52.535] getCompletionData: Get current token: 0.01891300082206726
Info 78   [10:23:52.535] getCompletionData: Is inside comment: 0.0436520054936409
Info 79   [10:23:52.535] getCompletionData: Get previous token: 0.11087599396705627
Info 80   [10:23:52.535] getCompletionsAtPosition: isCompletionListBlocker: 0.0030290037393569946
Info 81   [10:23:52.535] Returning an empty list because completion was requested in an invalid position.
Info 82   [10:23:53.069] Starting updateGraphWorker: Project: /dev/null/inferredProject2*
Info 83   [10:23:53.075] Finishing updateGraphWorker: Project: /dev/null/inferredProject2* Version: 15 structureChanged: false structureIsReused:: Completely Elapsed: 6.355186000466347ms
Info 84   [10:23:53.075] Different program with same set of files
Info 85   [10:23:53.076] getCompletionData: Get current token: 0.025847002863883972
Info 86   [10:23:53.076] getCompletionData: Is inside comment: 0.06676699966192245
Info 87   [10:23:53.076] getCompletionData: Get previous token: 0.11403299868106842
Info 88   [10:23:53.076] getCompletionsAtPosition: isCompletionListBlocker: 0.0037089958786964417
Info 89   [10:23:53.077] Returning an empty list because completion was requested in an invalid position.
Info 90   [10:23:53.104] getCompletionData: Get current token: 0.016742996871471405
Info 91   [10:23:53.104] getCompletionData: Is inside comment: 0.048548996448516846
Info 92   [10:23:53.104] getCompletionData: Get previous token: 0.07418999820947647
Info 93   [10:23:53.104] getCompletionsAtPosition: isCompletionListBlocker: 0.004218995571136475
Info 94   [10:23:53.104] Returning an empty list because completion was requested in an invalid position.
Info 95   [10:23:53.106] getCompletionData: Get current token: 0.017166994512081146
Info 96   [10:23:53.106] getCompletionData: Is inside comment: 0.04100699722766876
Info 97   [10:23:53.106] getCompletionData: Get previous token: 0.05932000279426575
Info 98   [10:23:53.107] getCompletionsAtPosition: isCompletionListBlocker: 0.009783998131752014
Info 99   [10:23:53.107] Returning an empty list because completion was requested in an invalid position.
Info 100  [10:23:53.108] getCompletionData: Get current token: 0.0164480060338974
Info 101  [10:23:53.108] getCompletionData: Is inside comment: 0.04147500544786453
Info 102  [10:23:53.108] getCompletionData: Get previous token: 0.058496005833148956
Info 103  [10:23:53.109] getCompletionsAtPosition: isCompletionListBlocker: 0.002571001648902893
Info 104  [10:23:53.109] Returning an empty list because completion was requested in an invalid position.
Info 105  [10:23:55.295] Starting updateGraphWorker: Project: /dev/null/inferredProject2*
Info 106  [10:23:55.299] Finishing updateGraphWorker: Project: /dev/null/inferredProject2* Version: 16 structureChanged: false structureIsReused:: Completely Elapsed: 4.090845003724098ms
Info 107  [10:23:55.299] Different program with same set of files
Info 108  [10:23:57.522] Starting updateGraphWorker: Project: /dev/null/inferredProject2*
Info 109  [10:23:57.526] Finishing updateGraphWorker: Project: /dev/null/inferredProject2* Version: 17 structureChanged: false structureIsReused:: Completely Elapsed: 3.485633999109268ms
Info 110  [10:23:57.526] Different program with same set of files
Info 111  [10:23:57.526] Starting updateGraphWorker: Project: /dev/null/inferredProject2*
Info 112  [10:23:57.529] Finishing updateGraphWorker: Project: /dev/null/inferredProject2* Version: 18 structureChanged: false structureIsReused:: Completely Elapsed: 2.52131899446249ms
Info 113  [10:23:57.529] Different program with same set of files
Info 114  [10:23:57.895] Starting updateGraphWorker: Project: /dev/null/inferredProject2*
Info 115  [10:23:57.899] Finishing updateGraphWorker: Project: /dev/null/inferredProject2* Version: 19 structureChanged: false structureIsReused:: Completely Elapsed: 4.139787003397942ms
Info 116  [10:23:57.899] Different program with same set of files
Info 117  [10:23:58.186] Starting updateGraphWorker: Project: /dev/null/inferredProject2*
Info 118  [10:23:58.189] Finishing updateGraphWorker: Project: /dev/null/inferredProject2* Version: 20 structureChanged: false structureIsReused:: Completely Elapsed: 3.155917003750801ms
Info 119  [10:23:58.189] Different program with same set of files
Info 120  [10:23:59.482] Starting updateGraphWorker: Project: /dev/null/inferredProject2*
Info 121  [10:23:59.485] Finishing updateGraphWorker: Project: /dev/null/inferredProject2* Version: 21 structureChanged: false structureIsReused:: Completely Elapsed: 3.50993799418211ms
Info 122  [10:23:59.485] Different program with same set of files
Info 123  [10:23:59.486] getCompletionData: Get current token: 0.01864200085401535
Info 124  [10:23:59.486] getCompletionData: Is inside comment: 0.004889994859695435
Info 125  [10:23:59.486] getCompletionData: Get previous token: 0.05757199972867966
Info 126  [10:23:59.486] getCompletionsAtPosition: isCompletionListBlocker: 0.005810000002384186
Info 127  [10:23:59.486] Returning an empty list because completion was requested in an invalid position.
Info 128  [10:23:59.515] getCompletionData: Get current token: 0.03728799521923065
Info 129  [10:23:59.515] getCompletionData: Is inside comment: 0.00604499876499176
Info 130  [10:23:59.516] getCompletionData: Get previous token: 0.04983700066804886
Info 131  [10:23:59.516] getCompletionsAtPosition: isCompletionListBlocker: 0.002952001988887787
Info 132  [10:23:59.516] Returning an empty list because completion was requested in an invalid position.
Info 133  [10:23:59.520] getCompletionData: Get current token: 0.016520000994205475
Info 134  [10:23:59.520] getCompletionData: Is inside comment: 0.007040001451969147
Info 135  [10:23:59.520] getCompletionData: Get previous token: 0.05121000111103058
Info 136  [10:23:59.520] getCompletionsAtPosition: isCompletionListBlocker: 0.003140002489089966
Info 137  [10:23:59.520] Returning an empty list because completion was requested in an invalid position.
Info 138  [10:23:59.523] getCompletionData: Get current token: 0.016304999589920044
Info 139  [10:23:59.523] getCompletionData: Is inside comment: 0.004055999219417572
Info 140  [10:23:59.523] getCompletionData: Get previous token: 0.04341600090265274
Info 141  [10:23:59.523] getCompletionsAtPosition: isCompletionListBlocker: 0.0029899999499320984
Info 142  [10:23:59.523] Returning an empty list because completion was requested in an invalid position.
Info 143  [10:23:59.898] Starting updateGraphWorker: Project: /dev/null/inferredProject2*
Info 144  [10:23:59.903] Finishing updateGraphWorker: Project: /dev/null/inferredProject2* Version: 22 structureChanged: false structureIsReused:: Completely Elapsed: 5.313309997320175ms
Info 145  [10:23:59.903] Different program with same set of files
Info 146  [10:23:59.904] getCompletionData: Get current token: 0.01830599457025528
Info 147  [10:23:59.904] getCompletionData: Is inside comment: 0.0046399980783462524
Info 148  [10:23:59.904] getCompletionData: Get previous token: 0.054485999047756195
Info 149  [10:23:59.904] getCompletionsAtPosition: isCompletionListBlocker: 0.003014996647834778
Info 150  [10:23:59.904] Returning an empty list because completion was requested in an invalid position.
Info 151  [10:23:59.931] getCompletionData: Get current token: 0.015225999057292938
Info 152  [10:23:59.931] getCompletionData: Is inside comment: 0.004280999302864075
Info 153  [10:23:59.931] getCompletionData: Get previous token: 0.045125000178813934
Info 154  [10:23:59.931] getCompletionsAtPosition: isCompletionListBlocker: 0.0035979971289634705
Info 155  [10:23:59.931] Returning an empty list because completion was requested in an invalid position.
Info 156  [10:23:59.933] getCompletionData: Get current token: 0.014894001185894012
Info 157  [10:23:59.933] getCompletionData: Is inside comment: 0.004722997546195984
Info 158  [10:23:59.933] getCompletionData: Get previous token: 0.04469999670982361
Info 159  [10:23:59.933] getCompletionsAtPosition: isCompletionListBlocker: 0.0032360032200813293
Info 160  [10:23:59.933] Returning an empty list because completion was requested in an invalid position.
Info 161  [10:23:59.935] getCompletionData: Get current token: 0.015175998210906982
Info 162  [10:23:59.935] getCompletionData: Is inside comment: 0.0036370009183883667
Info 163  [10:23:59.935] getCompletionData: Get previous token: 0.04429800063371658
Info 164  [10:23:59.935] getCompletionsAtPosition: isCompletionListBlocker: 0.002906002104282379
Info 165  [10:23:59.935] Returning an empty list because completion was requested in an invalid position.
Info 166  [10:24:00.309] Starting updateGraphWorker: Project: /dev/null/inferredProject2*
Info 167  [10:24:00.314] Finishing updateGraphWorker: Project: /dev/null/inferredProject2* Version: 23 structureChanged: false structureIsReused:: Completely Elapsed: 5.087167002260685ms
Info 168  [10:24:00.314] Different program with same set of files
Info 169  [10:24:00.931] Starting updateGraphWorker: Project: /dev/null/inferredProject2*
Info 170  [10:24:00.935] Finishing updateGraphWorker: Project: /dev/null/inferredProject2* Version: 24 structureChanged: false structureIsReused:: Completely Elapsed: 4.0357489958405495ms
Info 171  [10:24:00.935] Different program with same set of files
Info 172  [10:24:00.937] getCompletionData: Get current token: 0.02089199423789978
Info 173  [10:24:00.937] getCompletionData: Is inside comment: 0.005304001271724701
Info 174  [10:24:00.937] getCompletionData: Get previous token: 0.06453700363636017
Info 175  [10:24:00.937] getCompletionsAtPosition: isCompletionListBlocker: 0.0037270039319992065
Info 176  [10:24:00.937] Returning an empty list because completion was requested in an invalid position.
Info 177  [10:24:00.956] getCompletionData: Get current token: 0.014798000454902649
Info 178  [10:24:00.956] getCompletionData: Is inside comment: 0.0036159977316856384
Info 179  [10:24:00.957] getCompletionData: Get previous token: 0.09323100000619888
Info 180  [10:24:00.957] getCompletionsAtPosition: isCompletionListBlocker: 0.0032320022583007812
Info 181  [10:24:00.958] Returning an empty list because completion was requested in an invalid position.
Info 182  [10:24:00.960] getCompletionData: Get current token: 0.016001999378204346
Info 183  [10:24:00.960] getCompletionData: Is inside comment: 0.003541000187397003
Info 184  [10:24:00.960] getCompletionData: Get previous token: 0.043088994920253754
Info 185  [10:24:00.960] getCompletionsAtPosition: isCompletionListBlocker: 0.003576993942260742
Info 186  [10:24:00.960] Returning an empty list because completion was requested in an invalid position.
Info 187  [10:24:00.962] getCompletionData: Get current token: 0.015152998268604279
Info 188  [10:24:00.962] getCompletionData: Is inside comment: 0.0037989988923072815
Info 189  [10:24:00.962] getCompletionData: Get previous token: 0.04434400051832199
Info 190  [10:24:00.962] getCompletionsAtPosition: isCompletionListBlocker: 0.0033079981803894043
Info 191  [10:24:00.962] Returning an empty list because completion was requested in an invalid position.
Info 192  [10:24:02.071] Format host information updated
Info 193  [10:24:21.432] Starting updateGraphWorker: Project: /dev/null/inferredProject2*
Info 194  [10:24:21.437] Finishing updateGraphWorker: Project: /dev/null/inferredProject2* Version: 25 structureChanged: false structureIsReused:: Completely Elapsed: 4.364276006817818ms
Info 195  [10:24:21.437] Different program with same set of files
Info 196  [10:24:23.241] Starting updateGraphWorker: Project: /dev/null/inferredProject2*
Info 197  [10:24:23.245] Finishing updateGraphWorker: Project: /dev/null/inferredProject2* Version: 26 structureChanged: false structureIsReused:: Completely Elapsed: 3.338729999959469ms
Info 198  [10:24:23.245] Different program with same set of files
Info 199  [10:24:23.247] getCompletionData: Get current token: 0.022489003837108612
Info 200  [10:24:23.247] getCompletionData: Is inside comment: 0.005032002925872803
Info 201  [10:24:23.247] getCompletionData: Get previous token: 0.0784590020775795
Info 202  [10:24:23.247] getCompletionsAtPosition: isCompletionListBlocker: 0.17295800149440765
Info 203  [10:24:23.253] getExportInfoMap: cache miss or empty; calculating new results
Info 204  [10:24:23.254] getExportInfoMap: done in 1.7133440002799034 ms
Info 205  [10:24:23.254] collectAutoImports: resolved 0 module specifiers, plus 0 ambient and 0 from cache
Info 206  [10:24:23.254] collectAutoImports: response is complete
Info 207  [10:24:23.254] collectAutoImports: 0.13728400319814682
Info 208  [10:24:23.254] getCompletionData: Semantic work: 6.992639996111393
Info 209  [10:24:23.274] getCompletionsAtPosition: getCompletionEntriesFromSymbols: 19.690871000289917
Info 210  [10:24:27.471] Starting updateGraphWorker: Project: /dev/null/inferredProject2*
Info 211  [10:24:27.479] Finishing updateGraphWorker: Project: /dev/null/inferredProject2* Version: 27 structureChanged: false structureIsReused:: Completely Elapsed: 7.880405001342297ms
Info 212  [10:24:27.480] Different program with same set of files
Info 213  [10:24:28.501] Starting updateGraphWorker: Project: /dev/null/inferredProject2*
Info 214  [10:24:28.505] Finishing updateGraphWorker: Project: /dev/null/inferredProject2* Version: 28 structureChanged: false structureIsReused:: Completely Elapsed: 4.007704995572567ms
Info 215  [10:24:28.505] Different program with same set of files
Info 216  [10:24:29.056] Starting updateGraphWorker: Project: /dev/null/inferredProject2*
Info 217  [10:24:29.060] Finishing updateGraphWorker: Project: /dev/null/inferredProject2* Version: 29 structureChanged: false structureIsReused:: Completely Elapsed: 4.389844998717308ms
Info 218  [10:24:29.060] Different program with same set of files
Info 219  [10:24:29.295] Starting updateGraphWorker: Project: /dev/null/inferredProject2*
Info 220  [10:24:29.301] Finishing updateGraphWorker: Project: /dev/null/inferredProject2* Version: 30 structureChanged: false structureIsReused:: Completely Elapsed: 6.030201002955437ms
Info 221  [10:24:29.301] Different program with same set of files
Info 222  [10:24:29.720] Starting updateGraphWorker: Project: /dev/null/inferredProject2*
Info 223  [10:24:29.724] Finishing updateGraphWorker: Project: /dev/null/inferredProject2* Version: 31 structureChanged: false structureIsReused:: Completely Elapsed: 4.17179499566555ms
Info 224  [10:24:29.724] Different program with same set of files
Info 225  [10:24:30.530] Starting updateGraphWorker: Project: /dev/null/inferredProject2*
Info 226  [10:24:30.536] Finishing updateGraphWorker: Project: /dev/null/inferredProject2* Version: 32 structureChanged: false structureIsReused:: Completely Elapsed: 5.3747869953513145ms
Info 227  [10:24:30.536] Different program with same set of files
Info 228  [10:24:36.718] Starting updateGraphWorker: Project: /dev/null/inferredProject2*
Info 229  [10:24:36.723] Finishing updateGraphWorker: Project: /dev/null/inferredProject2* Version: 33 structureChanged: false structureIsReused:: Completely Elapsed: 4.932886004447937ms
Info 230  [10:24:36.723] Different program with same set of files
Info 231  [10:24:37.191] Starting updateGraphWorker: Project: /dev/null/inferredProject2*
Info 232  [10:24:37.195] Finishing updateGraphWorker: Project: /dev/null/inferredProject2* Version: 34 structureChanged: false structureIsReused:: Completely Elapsed: 3.5649840012192726ms
Info 233  [10:24:37.195] Different program with same set of files
Info 234  [10:24:37.772] Starting updateGraphWorker: Project: /dev/null/inferredProject2*
Info 235  [10:24:37.778] Finishing updateGraphWorker: Project: /dev/null/inferredProject2* Version: 35 structureChanged: false structureIsReused:: Completely Elapsed: 5.976686999201775ms
Info 236  [10:24:37.778] Different program with same set of files
Info 237  [10:24:38.629] Starting updateGraphWorker: Project: /dev/null/inferredProject2*
Info 238  [10:24:38.638] Finishing updateGraphWorker: Project: /dev/null/inferredProject2* Version: 36 structureChanged: false structureIsReused:: Completely Elapsed: 8.123776994645596ms
Info 239  [10:24:38.638] Different program with same set of files
Info 240  [10:24:39.445] Starting updateGraphWorker: Project: /dev/null/inferredProject2*
Info 241  [10:24:39.453] Finishing updateGraphWorker: Project: /dev/null/inferredProject2* Version: 37 structureChanged: false structureIsReused:: Completely Elapsed: 8.064386002719402ms
Info 242  [10:24:39.453] Different program with same set of files
Info 243  [10:24:39.981] Starting updateGraphWorker: Project: /dev/null/inferredProject2*
Info 244  [10:24:39.988] Finishing updateGraphWorker: Project: /dev/null/inferredProject2* Version: 38 structureChanged: false structureIsReused:: Completely Elapsed: 6.878404997289181ms
Info 245  [10:24:39.988] Different program with same set of files
Info 246  [10:24:40.546] Starting updateGraphWorker: Project: /dev/null/inferredProject2*
Info 247  [10:24:40.554] Finishing updateGraphWorker: Project: /dev/null/inferredProject2* Version: 39 structureChanged: false structureIsReused:: Completely Elapsed: 7.533925995230675ms
Info 248  [10:24:40.554] Different program with same set of files
Info 249  [10:24:41.508] Starting updateGraphWorker: Project: /dev/null/inferredProject2*
Info 250  [10:24:41.515] Finishing updateGraphWorker: Project: /dev/null/inferredProject2* Version: 40 structureChanged: false structureIsReused:: Completely Elapsed: 7.096985995769501ms
Info 251  [10:24:41.515] Different program with same set of files
Info 252  [10:24:42.006] Starting updateGraphWorker: Project: /dev/null/inferredProject2*
Info 253  [10:24:42.016] Finishing updateGraphWorker: Project: /dev/null/inferredProject2* Version: 41 structureChanged: false structureIsReused:: Completely Elapsed: 9.957268998026848ms
Info 254  [10:24:42.016] Different program with same set of files
Info 255  [10:24:42.681] Starting updateGraphWorker: Project: /dev/null/inferredProject2*
Info 256  [10:24:42.687] Finishing updateGraphWorker: Project: /dev/null/inferredProject2* Version: 42 structureChanged: false structureIsReused:: Completely Elapsed: 6.724192000925541ms
Info 257  [10:24:42.687] Different program with same set of files
Info 258  [10:24:43.492] Starting updateGraphWorker: Project: /dev/null/inferredProject2*
Info 259  [10:24:43.497] Finishing updateGraphWorker: Project: /dev/null/inferredProject2* Version: 43 structureChanged: false structureIsReused:: Completely Elapsed: 5.009724996984005ms
Info 260  [10:24:43.497] Different program with same set of files
Info 261  [10:24:44.075] Starting updateGraphWorker: Project: /dev/null/inferredProject2*
Info 262  [10:24:44.082] Finishing updateGraphWorker: Project: /dev/null/inferredProject2* Version: 44 structureChanged: false structureIsReused:: Completely Elapsed: 6.466618999838829ms
Info 263  [10:24:44.082] Different program with same set of files
Info 264  [10:24:44.775] Starting updateGraphWorker: Project: /dev/null/inferredProject2*
Info 265  [10:24:44.779] Finishing updateGraphWorker: Project: /dev/null/inferredProject2* Version: 45 structureChanged: false structureIsReused:: Completely Elapsed: 3.930070996284485ms
Info 266  [10:24:44.779] Different program with same set of files
Info 267  [10:24:45.229] Starting updateGraphWorker: Project: /dev/null/inferredProject2*
Info 268  [10:24:45.234] Finishing updateGraphWorker: Project: /dev/null/inferredProject2* Version: 46 structureChanged: false structureIsReused:: Completely Elapsed: 5.047969006001949ms
Info 269  [10:24:45.234] Different program with same set of files
Info 270  [10:24:46.804] Format host information updated
Info 271  [10:25:00.140] Starting updateGraphWorker: Project: /dev/null/inferredProject2*
Info 272  [10:25:00.147] Finishing updateGraphWorker: Project: /dev/null/inferredProject2* Version: 47 structureChanged: false structureIsReused:: Completely Elapsed: 6.946593001484871ms
Info 273  [10:25:00.147] Different program with same set of files
Info 274  [10:25:00.651] Format host information updated
Info 275  [10:26:47.117] Search path: /Users/ale/Workspace/sepa-spikes/rust-go-cardless/public/src
Info 276  [10:26:47.117] For info: /Users/ale/Workspace/sepa-spikes/rust-go-cardless/public/src/payment-service.js :: No config files found.
Info 277  [10:26:47.120] Starting updateGraphWorker: Project: /dev/null/inferredProject3*
Info 278  [10:26:47.138] Finishing updateGraphWorker: Project: /dev/null/inferredProject3* Version: 1 structureChanged: true structureIsReused:: Not Elapsed: 17.7258780002594ms
Info 279  [10:26:47.138] Project '/dev/null/inferredProject3*' (Inferred)
Info 280  [10:26:47.138] 	Files (19)

Info 281  [10:26:47.138] -----------------------------------------------
Info 282  [10:26:55.530] Search path: /Users/ale/Workspace/sepa-spikes/rust-go-cardless/public/src
Info 283  [10:26:55.530] For info: /Users/ale/Workspace/sepa-spikes/rust-go-cardless/public/src/mandate-sevice.js :: No config files found.
Info 284  [10:26:55.531] Starting updateGraphWorker: Project: /dev/null/inferredProject4*
Info 285  [10:26:55.542] Finishing updateGraphWorker: Project: /dev/null/inferredProject4* Version: 1 structureChanged: true structureIsReused:: Not Elapsed: 11.09264599531889ms
Info 286  [10:26:55.543] Project '/dev/null/inferredProject4*' (Inferred)
Info 287  [10:26:55.543] 	Files (19)

Info 288  [10:26:55.543] -----------------------------------------------
Info 289  [10:27:01.052] Search path: /Users/ale/Workspace/sepa-spikes/rust-go-cardless/public/src
Info 290  [10:27:01.052] For info: /Users/ale/Workspace/sepa-spikes/rust-go-cardless/public/src/customer-service.js :: No config files found.
Info 291  [10:27:01.053] Starting updateGraphWorker: Project: /dev/null/inferredProject5*
Info 292  [10:27:01.065] Finishing updateGraphWorker: Project: /dev/null/inferredProject5* Version: 1 structureChanged: true structureIsReused:: Not Elapsed: 12.027718998491764ms
Info 293  [10:27:01.065] Project '/dev/null/inferredProject5*' (Inferred)
Info 294  [10:27:01.065] 	Files (19)

Info 295  [10:27:01.065] -----------------------------------------------
Info 296  [10:27:09.154] Starting updateGraphWorker: Project: /dev/null/inferredProject3*
Info 297  [10:27:09.159] Finishing updateGraphWorker: Project: /dev/null/inferredProject3* Version: 2 structureChanged: false structureIsReused:: Completely Elapsed: 4.216072000563145ms
Info 298  [10:27:09.159] Different program with same set of files
Info 299  [10:27:10.440] Starting updateGraphWorker: Project: /dev/null/inferredProject3*
Info 300  [10:27:10.444] Finishing updateGraphWorker: Project: /dev/null/inferredProject3* Version: 3 structureChanged: false structureIsReused:: Completely Elapsed: 3.8719820007681847ms
Info 301  [10:27:10.444] Different program with same set of files
Info 302  [10:27:12.072] Starting updateGraphWorker: Project: /dev/null/inferredProject3*
Info 303  [10:27:12.076] Finishing updateGraphWorker: Project: /dev/null/inferredProject3* Version: 4 structureChanged: false structureIsReused:: Completely Elapsed: 4.046255998313427ms
Info 304  [10:27:12.077] Different program with same set of files
Info 305  [10:27:12.589] Format host information updated
Info 306  [10:27:12.790] Starting updateGraphWorker: Project: /dev/null/inferredProject3*
Info 307  [10:27:12.795] Finishing updateGraphWorker: Project: /dev/null/inferredProject3* Version: 5 structureChanged: false structureIsReused:: Completely Elapsed: 4.572650000452995ms
Info 308  [10:27:12.795] Different program with same set of files
Info 309  [10:27:15.446] Starting updateGraphWorker: Project: /dev/null/inferredProject3*
Info 310  [10:27:15.450] Finishing updateGraphWorker: Project: /dev/null/inferredProject3* Version: 6 structureChanged: false structureIsReused:: Completely Elapsed: 3.474379003047943ms
Info 311  [10:27:15.450] Different program with same set of files
Info 312  [10:27:15.825] Starting updateGraphWorker: Project: /dev/null/inferredProject3*
Info 313  [10:27:15.830] Finishing updateGraphWorker: Project: /dev/null/inferredProject3* Version: 7 structureChanged: false structureIsReused:: Completely Elapsed: 4.968139998614788ms
Info 314  [10:27:15.830] Different program with same set of files
Info 315  [10:27:15.833] getCompletionData: Get current token: 0.03505099564790726
Info 316  [10:27:15.833] getCompletionData: Is inside comment: 0.010411001741886139
Info 317  [10:27:15.833] getCompletionData: Get previous token: 0.09769999980926514
Info 318  [10:27:15.834] getCompletionsAtPosition: isCompletionListBlocker: 0.05554000288248062
Info 319  [10:27:15.834] Returning an empty list because completion was requested in an invalid position.
Info 320  [10:27:15.838] getCompletionData: Get current token: 0.019200995564460754
Info 321  [10:27:15.838] getCompletionData: Is inside comment: 0.005469001829624176
Info 322  [10:27:15.838] getCompletionData: Get previous token: 0.04262400418519974
Info 323  [10:27:15.839] getCompletionsAtPosition: isCompletionListBlocker: 0.00827200710773468
Info 324  [10:27:15.839] Returning an empty list because completion was requested in an invalid position.
Info 325  [10:27:15.841] getCompletionData: Get current token: 0.018688999116420746
Info 326  [10:27:15.841] getCompletionData: Is inside comment: 0.006160996854305267
Info 327  [10:27:15.841] getCompletionData: Get previous token: 0.04400800168514252
Info 328  [10:27:15.841] getCompletionsAtPosition: isCompletionListBlocker: 0.01019500195980072
Info 329  [10:27:15.841] Returning an empty list because completion was requested in an invalid position.
Info 330  [10:27:15.843] getCompletionData: Get current token: 0.05131100118160248
Info 331  [10:27:15.843] getCompletionData: Is inside comment: 0.005981996655464172
Info 332  [10:27:15.843] getCompletionData: Get previous token: 0.04924999922513962
Info 333  [10:27:15.844] getCompletionsAtPosition: isCompletionListBlocker: 0.011103004217147827
Info 334  [10:27:15.844] Returning an empty list because completion was requested in an invalid position.
Info 335  [10:27:16.254] Starting updateGraphWorker: Project: /dev/null/inferredProject3*
Info 336  [10:27:16.258] Finishing updateGraphWorker: Project: /dev/null/inferredProject3* Version: 8 structureChanged: false structureIsReused:: Completely Elapsed: 3.4754099994897842ms
Info 337  [10:27:16.258] Different program with same set of files
Info 338  [10:27:16.262] getCompletionData: Get current token: 0.03724300116300583
Info 339  [10:27:16.262] getCompletionData: Is inside comment: 0.010982006788253784
Info 340  [10:27:16.262] getCompletionData: Get previous token: 0.05996900051832199
Info 341  [10:27:16.262] getCompletionsAtPosition: isCompletionListBlocker: 0.012161999940872192
Info 342  [10:27:16.262] Returning an empty list because completion was requested in an invalid position.
Info 343  [10:27:16.266] getCompletionData: Get current token: 0.02147500216960907
Info 344  [10:27:16.266] getCompletionData: Is inside comment: 0.005282998085021973
Info 345  [10:27:16.266] getCompletionData: Get previous token: 0.047916002571582794
Info 346  [10:27:16.266] getCompletionsAtPosition: isCompletionListBlocker: 0.00879700481891632
Info 347  [10:27:16.266] Returning an empty list because completion was requested in an invalid position.
Info 348  [10:27:16.274] getCompletionData: Get current token: 0.019466005265712738
Info 349  [10:27:16.274] getCompletionData: Is inside comment: 0.005327999591827393
Info 350  [10:27:16.274] getCompletionData: Get previous token: 0.04158599674701691
Info 351  [10:27:16.274] getCompletionsAtPosition: isCompletionListBlocker: 0.009045995771884918
Info 352  [10:27:16.274] Returning an empty list because completion was requested in an invalid position.
Info 353  [10:27:16.276] getCompletionData: Get current token: 0.019290000200271606
Info 354  [10:27:16.276] getCompletionData: Is inside comment: 0.005253002047538757
Info 355  [10:27:16.276] getCompletionData: Get previous token: 0.04196299612522125
Info 356  [10:27:16.276] getCompletionsAtPosition: isCompletionListBlocker: 0.00885000079870224
Info 357  [10:27:16.276] Returning an empty list because completion was requested in an invalid position.
Info 358  [10:27:16.908] Starting updateGraphWorker: Project: /dev/null/inferredProject3*
Info 359  [10:27:16.912] Finishing updateGraphWorker: Project: /dev/null/inferredProject3* Version: 9 structureChanged: false structureIsReused:: Completely Elapsed: 3.9705850034952164ms
Info 360  [10:27:16.913] Different program with same set of files
Info 361  [10:27:17.299] Starting updateGraphWorker: Project: /dev/null/inferredProject3*
Info 362  [10:27:17.301] Finishing updateGraphWorker: Project: /dev/null/inferredProject3* Version: 10 structureChanged: false structureIsReused:: Completely Elapsed: 2.5640079975128174ms
Info 363  [10:27:17.301] Different program with same set of files
Info 364  [10:27:17.302] getCompletionData: Get current token: 0.02129100263118744
Info 365  [10:27:17.302] getCompletionData: Is inside comment: 0.005917005240917206
Info 366  [10:27:17.302] getCompletionData: Get previous token: 0.22928499430418015
Info 367  [10:27:17.302] getCompletionsAtPosition: isCompletionListBlocker: 0.014218993484973907
Info 368  [10:27:17.302] Returning an empty list because completion was requested in an invalid position.
Info 369  [10:27:17.305] getCompletionData: Get current token: 0.017237000167369843
Info 370  [10:27:17.305] getCompletionData: Is inside comment: 0.005766004323959351
Info 371  [10:27:17.305] getCompletionData: Get previous token: 0.03910999745130539
Info 372  [10:27:17.306] getCompletionsAtPosition: isCompletionListBlocker: 0.009134002029895782
Info 373  [10:27:17.306] Returning an empty list because completion was requested in an invalid position.
Info 374  [10:27:17.308] getCompletionData: Get current token: 0.017170004546642303
Info 375  [10:27:17.308] getCompletionData: Is inside comment: 0.005514003336429596
Info 376  [10:27:17.308] getCompletionData: Get previous token: 0.03891199827194214
Info 377  [10:27:17.329] getCompletionsAtPosition: isCompletionListBlocker: 0.019468002021312714
Info 378  [10:27:17.329] Returning an empty list because completion was requested in an invalid position.
Info 379  [10:27:17.329] getCompletionData: Get current token: 0.019609995186328888
Info 380  [10:27:17.330] getCompletionData: Is inside comment: 0.01697000116109848
Info 381  [10:27:17.330] getCompletionData: Get previous token: 0.06343600153923035
Info 382  [10:27:17.331] getCompletionsAtPosition: isCompletionListBlocker: 0.07124499976634979
Info 383  [10:27:17.331] Returning an empty list because completion was requested in an invalid position.
Info 384  [10:27:17.516] Starting updateGraphWorker: Project: /dev/null/inferredProject3*
Info 385  [10:27:17.519] Finishing updateGraphWorker: Project: /dev/null/inferredProject3* Version: 11 structureChanged: false structureIsReused:: Completely Elapsed: 2.894256003201008ms
Info 386  [10:27:17.520] Different program with same set of files
Info 387  [10:27:17.520] getCompletionData: Get current token: 0.027488000690937042
Info 388  [10:27:17.520] getCompletionData: Is inside comment: 0.006968997418880463
Info 389  [10:27:17.520] getCompletionData: Get previous token: 0.05594800412654877
Info 390  [10:27:17.520] getCompletionsAtPosition: isCompletionListBlocker: 0.011746004223823547
Info 391  [10:27:17.520] Returning an empty list because completion was requested in an invalid position.
Info 392  [10:27:17.526] getCompletionData: Get current token: 0.019301004707813263
Info 393  [10:27:17.526] getCompletionData: Is inside comment: 0.005291000008583069
Info 394  [10:27:17.526] getCompletionData: Get previous token: 0.04055599868297577
Info 395  [10:27:17.526] getCompletionsAtPosition: isCompletionListBlocker: 0.008681997656822205
Info 396  [10:27:17.526] Returning an empty list because completion was requested in an invalid position.
Info 397  [10:27:17.543] getCompletionData: Get current token: 0.01657799631357193
Info 398  [10:27:17.543] getCompletionData: Is inside comment: 0.004148997366428375
Info 399  [10:27:17.543] getCompletionData: Get previous token: 0.03335899859666824
Info 400  [10:27:17.543] getCompletionsAtPosition: isCompletionListBlocker: 0.00835399329662323
Info 401  [10:27:17.543] Returning an empty list because completion was requested in an invalid position.
Info 402  [10:27:17.545] getCompletionData: Get current token: 0.016232997179031372
Info 403  [10:27:17.545] getCompletionData: Is inside comment: 0.005562998354434967
Info 404  [10:27:17.545] getCompletionData: Get previous token: 0.03210899978876114
Info 405  [10:27:17.545] getCompletionsAtPosition: isCompletionListBlocker: 0.006953999400138855
Info 406  [10:27:17.545] Returning an empty list because completion was requested in an invalid position.
Info 407  [10:27:18.242] Starting updateGraphWorker: Project: /dev/null/inferredProject3*
Info 408  [10:27:18.246] Finishing updateGraphWorker: Project: /dev/null/inferredProject3* Version: 12 structureChanged: false structureIsReused:: Completely Elapsed: 4.2437049970030785ms
Info 409  [10:27:18.246] Different program with same set of files
Info 410  [10:27:18.249] getCompletionData: Get current token: 0.02713099867105484
Info 411  [10:27:18.249] getCompletionData: Is inside comment: 0.013950005173683167
Info 412  [10:27:18.250] getCompletionData: Get previous token: 0.07413999736309052
Info 413  [10:27:18.250] getCompletionsAtPosition: isCompletionListBlocker: 0.01320599764585495
Info 414  [10:27:18.250] Returning an empty list because completion was requested in an invalid position.
Info 415  [10:27:18.254] getCompletionData: Get current token: 0.02003699541091919
Info 416  [10:27:18.254] getCompletionData: Is inside comment: 0.006285995244979858
Info 417  [10:27:18.254] getCompletionData: Get previous token: 0.04493999481201172
Info 418  [10:27:18.254] getCompletionsAtPosition: isCompletionListBlocker: 0.009071998298168182
Info 419  [10:27:18.254] Returning an empty list because completion was requested in an invalid position.
Info 420  [10:27:18.261] getCompletionData: Get current token: 0.01508600264787674
Info 421  [10:27:18.261] getCompletionData: Is inside comment: 0.005745001137256622
Info 422  [10:27:18.261] getCompletionData: Get previous token: 0.034005001187324524
Info 423  [10:27:18.261] getCompletionsAtPosition: isCompletionListBlocker: 0.01009400188922882
Info 424  [10:27:18.261] Returning an empty list because completion was requested in an invalid position.
Info 425  [10:27:18.263] getCompletionData: Get current token: 0.014587998390197754
Info 426  [10:27:18.263] getCompletionData: Is inside comment: 0.005308002233505249
Info 427  [10:27:18.263] getCompletionData: Get previous token: 0.03681600093841553
Info 428  [10:27:18.263] getCompletionsAtPosition: isCompletionListBlocker: 0.008195996284484863
Info 429  [10:27:18.263] Returning an empty list because completion was requested in an invalid position.
Info 430  [10:27:19.643] Format host information updated
Info 431  [10:28:25.869] Starting updateGraphWorker: Project: /dev/null/inferredProject3*
Info 432  [10:28:25.874] Finishing updateGraphWorker: Project: /dev/null/inferredProject3* Version: 13 structureChanged: false structureIsReused:: Completely Elapsed: 4.6149390041828156ms
Info 433  [10:28:25.874] Different program with same set of files
Info 434  [10:28:25.875] getCompletionData: Get current token: 0.008289001882076263
Info 435  [10:28:25.875] getCompletionData: Is inside comment: 0.0053119957447052
Info 436  [10:28:25.875] getCompletionData: Get previous token: 0.03679899871349335
Info 437  [10:28:25.875] getCompletionsAtPosition: isCompletionListBlocker: 0.231734000146389
Info 438  [10:28:25.875] Returning an empty list because completion was requested in an invalid position.
Info 439  [10:28:25.883] getCompletionData: Get current token: 0.009333997964859009
Info 440  [10:28:25.883] getCompletionData: Is inside comment: 0.004683002829551697
Info 441  [10:28:25.883] getCompletionData: Get previous token: 0.027385003864765167
Info 442  [10:28:25.883] getCompletionsAtPosition: isCompletionListBlocker: 0.006858006119728088
Info 443  [10:28:25.883] Returning an empty list because completion was requested in an invalid position.
Info 444  [10:28:25.887] getCompletionData: Get current token: 0.006737999618053436
Info 445  [10:28:25.887] getCompletionData: Is inside comment: 0.003720998764038086
Info 446  [10:28:25.887] getCompletionData: Get previous token: 0.022513002157211304
Info 447  [10:28:25.887] getCompletionsAtPosition: isCompletionListBlocker: 0.003077000379562378
Info 448  [10:28:25.887] Returning an empty list because completion was requested in an invalid position.
Info 449  [10:28:25.889] getCompletionData: Get current token: 0.006219998002052307
Info 450  [10:28:25.889] getCompletionData: Is inside comment: 0.004139997065067291
Info 451  [10:28:25.889] getCompletionData: Get previous token: 0.02290300279855728
Info 452  [10:28:25.889] getCompletionsAtPosition: isCompletionListBlocker: 0.002299003303050995
Info 453  [10:28:25.889] Returning an empty list because completion was requested in an invalid position.
Info 454  [10:28:26.284] Starting updateGraphWorker: Project: /dev/null/inferredProject3*
Info 455  [10:28:26.289] Finishing updateGraphWorker: Project: /dev/null/inferredProject3* Version: 14 structureChanged: false structureIsReused:: Completely Elapsed: 4.183187000453472ms
Info 456  [10:28:26.289] Different program with same set of files
Info 457  [10:28:26.289] getCompletionData: Get current token: 0.009191997349262238
Info 458  [10:28:26.289] getCompletionData: Is inside comment: 0.005640000104904175
Info 459  [10:28:26.289] getCompletionData: Get previous token: 0.029507003724575043
Info 460  [10:28:26.289] getCompletionsAtPosition: isCompletionListBlocker: 0.0036600008606910706
Info 461  [10:28:26.289] Returning an empty list because completion was requested in an invalid position.
Info 462  [10:28:26.292] getCompletionData: Get current token: 0.0077830031514167786
Info 463  [10:28:26.292] getCompletionData: Is inside comment: 0.004386000335216522
Info 464  [10:28:26.293] getCompletionData: Get previous token: 0.02412099391222
Info 465  [10:28:26.293] getCompletionsAtPosition: isCompletionListBlocker: 0.0031559988856315613
Info 466  [10:28:26.293] Returning an empty list because completion was requested in an invalid position.
Info 467  [10:28:26.297] getCompletionData: Get current token: 0.01104099303483963
Info 468  [10:28:26.297] getCompletionData: Is inside comment: 0.005136996507644653
Info 469  [10:28:26.297] getCompletionData: Get previous token: 0.027831003069877625
Info 470  [10:28:26.297] getCompletionsAtPosition: isCompletionListBlocker: 0.0035789981484413147
Info 471  [10:28:26.297] Returning an empty list because completion was requested in an invalid position.
Info 472  [10:28:26.299] getCompletionData: Get current token: 0.012288004159927368
Info 473  [10:28:26.299] getCompletionData: Is inside comment: 0.00577399879693985
Info 474  [10:28:26.299] getCompletionData: Get previous token: 0.030170001089572906
Info 475  [10:28:26.299] getCompletionsAtPosition: isCompletionListBlocker: 0.002939000725746155
Info 476  [10:28:26.299] Returning an empty list because completion was requested in an invalid position.
Info 477  [10:28:26.779] Starting updateGraphWorker: Project: /dev/null/inferredProject3*
Info 478  [10:28:26.783] Finishing updateGraphWorker: Project: /dev/null/inferredProject3* Version: 15 structureChanged: false structureIsReused:: Completely Elapsed: 4.005122996866703ms
Info 479  [10:28:26.783] Different program with same set of files
Info 480  [10:28:26.787] getCompletionData: Get current token: 0.010792002081871033
Info 481  [10:28:26.787] getCompletionData: Is inside comment: 0.00444599986076355
Info 482  [10:28:26.787] getCompletionData: Get previous token: 0.02740199863910675
Info 483  [10:28:26.787] getCompletionsAtPosition: isCompletionListBlocker: 0.0032260045409202576
Info 484  [10:28:26.787] Returning an empty list because completion was requested in an invalid position.
Info 485  [10:28:26.790] getCompletionData: Get current token: 0.00814499706029892
Info 486  [10:28:26.790] getCompletionData: Is inside comment: 0.004551000893115997
Info 487  [10:28:26.791] getCompletionData: Get previous token: 0.027692995965480804
Info 488  [10:28:26.791] getCompletionsAtPosition: isCompletionListBlocker: 0.00299999862909317
Info 489  [10:28:26.791] Returning an empty list because completion was requested in an invalid position.
Info 490  [10:28:26.793] getCompletionData: Get current token: 0.008928000926971436
Info 491  [10:28:26.793] getCompletionData: Is inside comment: 0.004822000861167908
Info 492  [10:28:26.793] getCompletionData: Get previous token: 0.024189002811908722
Info 493  [10:28:26.793] getCompletionsAtPosition: isCompletionListBlocker: 0.0029589980840682983
Info 494  [10:28:26.793] Returning an empty list because completion was requested in an invalid position.
Info 495  [10:28:26.795] getCompletionData: Get current token: 0.008922003209590912
Info 496  [10:28:26.795] getCompletionData: Is inside comment: 0.004243001341819763
Info 497  [10:28:26.795] getCompletionData: Get previous token: 0.023961998522281647
Info 498  [10:28:26.795] getCompletionsAtPosition: isCompletionListBlocker: 0.00479000061750412
Info 499  [10:28:26.795] Returning an empty list because completion was requested in an invalid position.
Info 500  [10:28:27.374] Starting updateGraphWorker: Project: /dev/null/inferredProject3*
Info 501  [10:28:27.377] Finishing updateGraphWorker: Project: /dev/null/inferredProject3* Version: 16 structureChanged: false structureIsReused:: Completely Elapsed: 2.7249240055680275ms
Info 502  [10:28:27.377] Different program with same set of files
Info 503  [10:28:28.374] Starting updateGraphWorker: Project: /dev/null/inferredProject3*
Info 504  [10:28:28.377] Finishing updateGraphWorker: Project: /dev/null/inferredProject3* Version: 17 structureChanged: false structureIsReused:: Completely Elapsed: 2.6288689970970154ms
Info 505  [10:28:28.377] Different program with same set of files
Info 506  [10:28:28.377] getCompletionData: Get current token: 0.007367998361587524
Info 507  [10:28:28.377] getCompletionData: Is inside comment: 0.004324004054069519
Info 508  [10:28:28.377] getCompletionData: Get previous token: 0.025831997394561768
Info 509  [10:28:28.378] getCompletionsAtPosition: isCompletionListBlocker: 0.0031860023736953735
Info 510  [10:28:28.378] Returning an empty list because completion was requested in an invalid position.
Info 511  [10:28:28.381] getCompletionData: Get current token: 0.006832003593444824
Info 512  [10:28:28.381] getCompletionData: Is inside comment: 0.004095993936061859
Info 513  [10:28:28.381] getCompletionData: Get previous token: 0.020925000309944153
Info 514  [10:28:28.381] getCompletionsAtPosition: isCompletionListBlocker: 0.0026630014181137085
Info 515  [10:28:28.381] Returning an empty list because completion was requested in an invalid position.
Info 516  [10:28:28.388] getCompletionData: Get current token: 0.007089994847774506
Info 517  [10:28:28.388] getCompletionData: Is inside comment: 0.0040269941091537476
Info 518  [10:28:28.388] getCompletionData: Get previous token: 0.02192000299692154
Info 519  [10:28:28.388] getCompletionsAtPosition: isCompletionListBlocker: 0.0025420039892196655
Info 520  [10:28:28.388] Returning an empty list because completion was requested in an invalid position.
Info 521  [10:28:28.390] getCompletionData: Get current token: 0.006705000996589661
Info 522  [10:28:28.390] getCompletionData: Is inside comment: 0.003940001130104065
Info 523  [10:28:28.390] getCompletionData: Get previous token: 0.02100200206041336
Info 524  [10:28:28.390] getCompletionsAtPosition: isCompletionListBlocker: 0.002431996166706085
Info 525  [10:28:28.390] Returning an empty list because completion was requested in an invalid position.
Info 526  [10:28:28.875] Format host information updated
Info 527  [10:31:30.244] Starting updateGraphWorker: Project: /dev/null/inferredProject2*
Info 528  [10:31:30.249] Finishing updateGraphWorker: Project: /dev/null/inferredProject2* Version: 48 structureChanged: false structureIsReused:: Completely Elapsed: 4.692541003227234ms
Info 529  [10:31:30.249] Different program with same set of files
Info 530  [10:31:31.739] Starting updateGraphWorker: Project: /dev/null/inferredProject2*
Info 531  [10:31:31.744] Finishing updateGraphWorker: Project: /dev/null/inferredProject2* Version: 49 structureChanged: false structureIsReused:: Completely Elapsed: 4.517678998410702ms
Info 532  [10:31:31.744] Different program with same set of files
Info 533  [10:31:31.744] Starting updateGraphWorker: Project: /dev/null/inferredProject2*
Info 534  [10:31:31.748] Finishing updateGraphWorker: Project: /dev/null/inferredProject2* Version: 50 structureChanged: false structureIsReused:: Completely Elapsed: 3.8400539979338646ms
Info 535  [10:31:31.748] Different program with same set of files
Info 536  [10:31:32.900] Starting updateGraphWorker: Project: /dev/null/inferredProject2*
Info 537  [10:31:32.906] Finishing updateGraphWorker: Project: /dev/null/inferredProject2* Version: 51 structureChanged: false structureIsReused:: Completely Elapsed: 5.661779999732971ms
Info 538  [10:31:32.906] Different program with same set of files
Info 539  [10:31:32.907] getCompletionData: Get current token: 0.045611001551151276
Info 540  [10:31:32.907] getCompletionData: Is inside comment: 0.005727998912334442
Info 541  [10:31:32.907] getCompletionData: Get previous token: 0.14987899363040924
Info 542  [10:31:32.908] getCompletionsAtPosition: isCompletionListBlocker: 0.29369600117206573
Info 543  [10:31:32.913] getExportInfoMap: cache miss or empty; calculating new results
Info 544  [10:31:32.914] getExportInfoMap: done in 1.1304909959435463 ms
Info 545  [10:31:32.914] collectAutoImports: resolved 0 module specifiers, plus 0 ambient and 0 from cache
Info 546  [10:31:32.914] collectAutoImports: response is complete
Info 547  [10:31:32.914] collectAutoImports: 0.12548599392175674
Info 548  [10:31:32.914] getCompletionData: Semantic work: 6.36829099804163
Info 549  [10:31:32.930] getCompletionsAtPosition: getCompletionEntriesFromSymbols: 12.068722002208233
Info 550  [10:31:33.656] Starting updateGraphWorker: Project: /dev/null/inferredProject2*
Info 551  [10:31:33.659] Finishing updateGraphWorker: Project: /dev/null/inferredProject2* Version: 52 structureChanged: false structureIsReused:: Completely Elapsed: 3.4365129992365837ms
Info 552  [10:31:33.659] Different program with same set of files
Info 553  [10:31:34.002] Starting updateGraphWorker: Project: /dev/null/inferredProject2*
Info 554  [10:31:34.008] Finishing updateGraphWorker: Project: /dev/null/inferredProject2* Version: 53 structureChanged: false structureIsReused:: Completely Elapsed: 5.830063000321388ms
Info 555  [10:31:34.008] Different program with same set of files
Info 556  [10:31:34.171] Starting updateGraphWorker: Project: /dev/null/inferredProject2*
Info 557  [10:31:34.175] Finishing updateGraphWorker: Project: /dev/null/inferredProject2* Version: 54 structureChanged: false structureIsReused:: Completely Elapsed: 3.960966996848583ms
Info 558  [10:31:34.175] Different program with same set of files
Info 559  [10:31:34.371] Starting updateGraphWorker: Project: /dev/null/inferredProject2*
Info 560  [10:31:34.374] Finishing updateGraphWorker: Project: /dev/null/inferredProject2* Version: 55 structureChanged: false structureIsReused:: Completely Elapsed: 2.932547003030777ms
Info 561  [10:31:34.374] Different program with same set of files
Info 562  [10:31:34.590] getCompletionData: Get current token: 0.026844002306461334
Info 563  [10:31:34.590] getCompletionData: Is inside comment: 0.005061998963356018
Info 564  [10:31:34.591] getCompletionData: Get previous token: 0.12746399641036987
Info 565  [10:31:34.591] getCompletionsAtPosition: isCompletionListBlocker: 0.05878099799156189
Info 566  [10:31:34.593] getExportInfoMap: cache miss or empty; calculating new results
Info 567  [10:31:34.594] getExportInfoMap: done in 0.44645100086927414 ms
Info 568  [10:31:34.594] collectAutoImports: resolved 0 module specifiers, plus 0 ambient and 0 from cache
Info 569  [10:31:34.594] collectAutoImports: response is complete
Info 570  [10:31:34.594] collectAutoImports: 0.05360599607229233
Info 571  [10:31:34.594] getCompletionData: Semantic work: 3.05400700122118
Info 572  [10:31:34.609] getCompletionsAtPosition: getCompletionEntriesFromSymbols: 12.729885004460812
Info 573  [10:31:34.859] Starting updateGraphWorker: Project: /dev/null/inferredProject2*
Info 574  [10:31:34.863] Finishing updateGraphWorker: Project: /dev/null/inferredProject2* Version: 56 structureChanged: false structureIsReused:: Completely Elapsed: 3.4270090013742447ms
Info 575  [10:31:34.863] Different program with same set of files
Info 576  [10:31:34.982] Starting updateGraphWorker: Project: /dev/null/inferredProject2*
Info 577  [10:31:34.988] Finishing updateGraphWorker: Project: /dev/null/inferredProject2* Version: 57 structureChanged: false structureIsReused:: Completely Elapsed: 5.642587997019291ms
Info 578  [10:31:34.988] Different program with same set of files
Info 579  [10:31:35.109] Starting updateGraphWorker: Project: /dev/null/inferredProject2*
Info 580  [10:31:35.112] Finishing updateGraphWorker: Project: /dev/null/inferredProject2* Version: 58 structureChanged: false structureIsReused:: Completely Elapsed: 3.5177199989557266ms
Info 581  [10:31:35.113] Different program with same set of files
Info 582  [10:31:35.233] Starting updateGraphWorker: Project: /dev/null/inferredProject2*
Info 583  [10:31:35.235] Finishing updateGraphWorker: Project: /dev/null/inferredProject2* Version: 59 structureChanged: false structureIsReused:: Completely Elapsed: 2.3801589980721474ms
Info 584  [10:31:35.235] Different program with same set of files
Info 585  [10:31:35.401] Starting updateGraphWorker: Project: /dev/null/inferredProject2*
Info 586  [10:31:35.404] Finishing updateGraphWorker: Project: /dev/null/inferredProject2* Version: 60 structureChanged: false structureIsReused:: Completely Elapsed: 2.4196219965815544ms
Info 587  [10:31:35.404] Different program with same set of files
Info 588  [10:31:35.620] getCompletionData: Get current token: 0.03781399875879288
Info 589  [10:31:35.620] getCompletionData: Is inside comment: 0.0050240010023117065
Info 590  [10:31:35.620] getCompletionData: Get previous token: 0.07350499927997589
Info 591  [10:31:35.620] getCompletionsAtPosition: isCompletionListBlocker: 0.004330001771450043
Info 592  [10:31:35.621] getCompletionData: Semantic work: 1.2203610017895699
Info 593  [10:31:35.623] getCompletionsAtPosition: getCompletionEntriesFromSymbols: 0.08368899673223495
Info 594  [10:31:35.735] Starting updateGraphWorker: Project: /dev/null/inferredProject2*
Info 595  [10:31:35.738] Finishing updateGraphWorker: Project: /dev/null/inferredProject2* Version: 61 structureChanged: false structureIsReused:: Completely Elapsed: 3.3735250011086464ms
Info 596  [10:31:35.738] Different program with same set of files
Info 597  [10:31:35.739] getCompletionData: Get current token: 0.04530300199985504
Info 598  [10:31:35.739] getCompletionData: Is inside comment: 0.004602998495101929
Info 599  [10:31:35.739] getCompletionData: Get previous token: 0.13825999945402145
Info 600  [10:31:35.739] getCompletionsAtPosition: isCompletionListBlocker: 0.0036420002579689026
Info 601  [10:31:35.740] getCompletionData: Semantic work: 0.8455270007252693
Info 602  [10:31:35.740] getCompletionsAtPosition: getCompletionEntriesFromSymbols: 0.09176899492740631
Info 603  [10:31:35.812] Starting updateGraphWorker: Project: /dev/null/inferredProject2*
Info 604  [10:31:35.815] Finishing updateGraphWorker: Project: /dev/null/inferredProject2* Version: 62 structureChanged: false structureIsReused:: Completely Elapsed: 2.7661190032958984ms
Info 605  [10:31:35.815] Different program with same set of files
Info 606  [10:31:35.902] Starting updateGraphWorker: Project: /dev/null/inferredProject2*
Info 607  [10:31:35.905] Finishing updateGraphWorker: Project: /dev/null/inferredProject2* Version: 63 structureChanged: false structureIsReused:: Completely Elapsed: 2.3395359963178635ms
Info 608  [10:31:35.905] Different program with same set of files
Info 609  [10:31:36.026] Starting updateGraphWorker: Project: /dev/null/inferredProject2*
Info 610  [10:31:36.031] Finishing updateGraphWorker: Project: /dev/null/inferredProject2* Version: 64 structureChanged: false structureIsReused:: Completely Elapsed: 4.406320996582508ms
Info 611  [10:31:36.031] Different program with same set of files
Info 612  [10:31:36.183] Starting updateGraphWorker: Project: /dev/null/inferredProject2*
Info 613  [10:31:36.198] Finishing updateGraphWorker: Project: /dev/null/inferredProject2* Version: 65 structureChanged: false structureIsReused:: Completely Elapsed: 3.412880003452301ms
Info 614  [10:31:36.198] Different program with same set of files
Info 615  [10:31:36.353] Starting updateGraphWorker: Project: /dev/null/inferredProject2*
Info 616  [10:31:36.356] Finishing updateGraphWorker: Project: /dev/null/inferredProject2* Version: 66 structureChanged: false structureIsReused:: Completely Elapsed: 3.1549350023269653ms
Info 617  [10:31:36.356] Different program with same set of files
Info 618  [10:31:36.646] Starting updateGraphWorker: Project: /dev/null/inferredProject2*
Info 619  [10:31:36.649] Finishing updateGraphWorker: Project: /dev/null/inferredProject2* Version: 67 structureChanged: false structureIsReused:: Completely Elapsed: 3.0477039963006973ms
Info 620  [10:31:36.649] Different program with same set of files
Info 621  [10:31:36.700] Starting updateGraphWorker: Project: /dev/null/inferredProject2*
Info 622  [10:31:36.703] Finishing updateGraphWorker: Project: /dev/null/inferredProject2* Version: 68 structureChanged: false structureIsReused:: Completely Elapsed: 2.374191999435425ms
Info 623  [10:31:36.703] Different program with same set of files
Info 624  [10:31:36.923] getCompletionData: Get current token: 0.03440200537443161
Info 625  [10:31:36.923] getCompletionData: Is inside comment: 0.005011998116970062
Info 626  [10:31:36.924] getCompletionData: Get previous token: 0.15589399635791779
Info 627  [10:31:36.924] getCompletionsAtPosition: isCompletionListBlocker: 0.0607990026473999
Info 628  [10:31:36.926] getExportInfoMap: cache miss or empty; calculating new results
Info 629  [10:31:36.926] getExportInfoMap: done in 0.45841699838638306 ms
Info 630  [10:31:36.927] collectAutoImports: resolved 0 module specifiers, plus 0 ambient and 0 from cache
Info 631  [10:31:36.927] collectAutoImports: response is complete
Info 632  [10:31:36.927] collectAutoImports: 0.04725400358438492
Info 633  [10:31:36.927] getCompletionData: Semantic work: 2.8081539943814278
Info 634  [10:31:36.944] getCompletionsAtPosition: getCompletionEntriesFromSymbols: 13.196575000882149
Info 635  [10:31:36.952] getCompletionData: Get current token: 0.03633899986743927
Info 636  [10:31:36.952] getCompletionData: Is inside comment: 0.00623900443315506
Info 637  [10:31:36.952] getCompletionData: Get previous token: 0.13784900307655334
Info 638  [10:31:36.952] getCompletionsAtPosition: isCompletionListBlocker: 0.01176299899816513
Info 639  [10:31:36.954] getExportInfoMap: cache miss or empty; calculating new results
Info 640  [10:31:36.954] getExportInfoMap: done in 0.20109699666500092 ms
Info 641  [10:31:36.955] collectAutoImports: resolved 0 module specifiers, plus 0 ambient and 0 from cache
Info 642  [10:31:36.955] collectAutoImports: response is complete
Info 643  [10:31:36.955] collectAutoImports: 0.0435199961066246
Info 644  [10:31:36.955] getCompletionData: Semantic work: 2.4416140019893646
Info 645  [10:31:36.968] getCompletionsAtPosition: getCompletionEntriesFromSymbols: 13.063703998923302
Info 646  [10:31:36.972] getCompletionData: Get current token: 0.03583700209856033
Info 647  [10:31:36.972] getCompletionData: Is inside comment: 0.00548899918794632
Info 648  [10:31:36.972] getCompletionData: Get previous token: 0.11873900145292282
Info 649  [10:31:36.972] getCompletionsAtPosition: isCompletionListBlocker: 0.011068001389503479
Info 650  [10:31:36.975] getExportInfoMap: cache miss or empty; calculating new results
Info 651  [10:31:36.975] getExportInfoMap: done in 0.2182210013270378 ms
Info 652  [10:31:36.975] collectAutoImports: resolved 0 module specifiers, plus 0 ambient and 0 from cache
Info 653  [10:31:36.975] collectAutoImports: response is complete
Info 654  [10:31:36.975] collectAutoImports: 0.0407010018825531
Info 655  [10:31:36.975] getCompletionData: Semantic work: 2.6921159997582436
Info 656  [10:31:36.981] getCompletionsAtPosition: getCompletionEntriesFromSymbols: 5.045795001089573
Info 657  [10:31:36.984] getCompletionData: Get current token: 0.03351699560880661
Info 658  [10:31:36.984] getCompletionData: Is inside comment: 0.0044739991426467896
Info 659  [10:31:36.984] getCompletionData: Get previous token: 0.11285199970006943
Info 660  [10:31:36.984] getCompletionsAtPosition: isCompletionListBlocker: 0.00966700166463852
Info 661  [10:31:36.986] getExportInfoMap: cache miss or empty; calculating new results
Info 662  [10:31:36.986] getExportInfoMap: done in 0.20341800153255463 ms
Info 663  [10:31:36.986] collectAutoImports: resolved 0 module specifiers, plus 0 ambient and 0 from cache
Info 664  [10:31:36.986] collectAutoImports: response is complete
Info 665  [10:31:36.986] collectAutoImports: 0.035269998013973236
Info 666  [10:31:36.986] getCompletionData: Semantic work: 1.7801079973578453
Info 667  [10:31:36.991] getCompletionsAtPosition: getCompletionEntriesFromSymbols: 5.212241999804974
Info 668  [10:31:36.993] Starting updateGraphWorker: Project: /dev/null/inferredProject2*
Info 669  [10:31:36.996] Finishing updateGraphWorker: Project: /dev/null/inferredProject2* Version: 69 structureChanged: false structureIsReused:: Completely Elapsed: 2.860112003982067ms
Info 670  [10:31:36.996] Different program with same set of files
Info 671  [10:31:37.147] getCompletionData: Get current token: 0.05990400165319443
Info 672  [10:31:37.147] getCompletionData: Is inside comment: 0.008260995149612427
Info 673  [10:31:37.147] getCompletionData: Get previous token: 0.19087499380111694
Info 674  [10:31:37.147] getCompletionsAtPosition: isCompletionListBlocker: 0.007450997829437256
Info 675  [10:31:37.151] getExportInfoMap: cache miss or empty; calculating new results
Info 676  [10:31:37.151] getExportInfoMap: done in 0.40368499606847763 ms
Info 677  [10:31:37.151] collectAutoImports: resolved 0 module specifiers, plus 0 ambient and 0 from cache
Info 678  [10:31:37.151] collectAutoImports: response is complete
Info 679  [10:31:37.151] collectAutoImports: 0.05257900059223175
Info 680  [10:31:37.151] getCompletionData: Semantic work: 3.913832001388073
Info 681  [10:31:37.159] getCompletionsAtPosition: getCompletionEntriesFromSymbols: 4.552230000495911
Info 682  [10:31:37.338] getCompletionData: Get current token: 0.03622099757194519
Info 683  [10:31:37.338] getCompletionData: Is inside comment: 0.005847997963428497
Info 684  [10:31:37.339] getCompletionData: Get previous token: 0.1203949972987175
Info 685  [10:31:37.339] getCompletionsAtPosition: isCompletionListBlocker: 0.011597998440265656
Info 686  [10:31:37.341] getExportInfoMap: cache miss or empty; calculating new results
Info 687  [10:31:37.341] getExportInfoMap: done in 0.21556000411510468 ms
Info 688  [10:31:37.341] collectAutoImports: resolved 0 module specifiers, plus 0 ambient and 0 from cache
Info 689  [10:31:37.341] collectAutoImports: response is complete
Info 690  [10:31:37.341] collectAutoImports: 0.04818899929523468
Info 691  [10:31:37.341] getCompletionData: Semantic work: 2.423387996852398
Info 692  [10:31:37.348] getCompletionsAtPosition: getCompletionEntriesFromSymbols: 5.287329003214836
Info 693  [10:31:37.353] getCompletionData: Get current token: 0.0341779962182045
Info 694  [10:31:37.353] getCompletionData: Is inside comment: 0.0053739994764328
Info 695  [10:31:37.353] getCompletionData: Get previous token: 0.11573600023984909
Info 696  [10:31:37.353] getCompletionsAtPosition: isCompletionListBlocker: 0.005500003695487976
Info 697  [10:31:37.355] getExportInfoMap: cache miss or empty; calculating new results
Info 698  [10:31:37.355] getExportInfoMap: done in 0.17537199705839157 ms
Info 699  [10:31:37.355] collectAutoImports: resolved 0 module specifiers, plus 0 ambient and 0 from cache
Info 700  [10:31:37.355] collectAutoImports: response is complete
Info 701  [10:31:37.355] collectAutoImports: 0.044130004942417145
Info 702  [10:31:37.355] getCompletionData: Semantic work: 1.902317002415657
Info 703  [10:31:37.360] getCompletionsAtPosition: getCompletionEntriesFromSymbols: 5.294199004769325
Info 704  [10:31:37.364] getCompletionData: Get current token: 0.03339100629091263
Info 705  [10:31:37.364] getCompletionData: Is inside comment: 0.005226999521255493
Info 706  [10:31:37.364] getCompletionData: Get previous token: 0.11322599649429321
Info 707  [10:31:37.364] getCompletionsAtPosition: isCompletionListBlocker: 0.005365006625652313
Info 708  [10:31:37.367] getExportInfoMap: cache miss or empty; calculating new results
Info 709  [10:31:37.367] getExportInfoMap: done in 0.18089599907398224 ms
Info 710  [10:31:37.367] collectAutoImports: resolved 0 module specifiers, plus 0 ambient and 0 from cache
Info 711  [10:31:37.367] collectAutoImports: response is complete
Info 712  [10:31:37.367] collectAutoImports: 0.03457000106573105
Info 713  [10:31:37.367] getCompletionData: Semantic work: 3.1168799996376038
Info 714  [10:31:37.371] getCompletionsAtPosition: getCompletionEntriesFromSymbols: 3.6537460014224052
Info 715  [10:31:37.374] Starting updateGraphWorker: Project: /dev/null/inferredProject2*
Info 716  [10:31:37.377] Finishing updateGraphWorker: Project: /dev/null/inferredProject2* Version: 70 structureChanged: false structureIsReused:: Completely Elapsed: 2.764222003519535ms
Info 717  [10:31:37.377] Different program with same set of files
Info 718  [10:31:37.379] Starting updateGraphWorker: Project: /dev/null/inferredProject2*
Info 719  [10:31:37.382] Finishing updateGraphWorker: Project: /dev/null/inferredProject2* Version: 71 structureChanged: false structureIsReused:: Completely Elapsed: 3.2119800001382828ms
Info 720  [10:31:37.382] Different program with same set of files
Info 721  [10:31:37.384] Starting updateGraphWorker: Project: /dev/null/inferredProject2*
Info 722  [10:31:37.386] Finishing updateGraphWorker: Project: /dev/null/inferredProject2* Version: 72 structureChanged: false structureIsReused:: Completely Elapsed: 2.306097999215126ms
Info 723  [10:31:37.386] Different program with same set of files
Info 724  [10:31:37.425] Starting updateGraphWorker: Project: /dev/null/inferredProject2*
Info 725  [10:31:37.427] Finishing updateGraphWorker: Project: /dev/null/inferredProject2* Version: 73 structureChanged: false structureIsReused:: Completely Elapsed: 2.6762580052018166ms
Info 726  [10:31:37.428] Different program with same set of files
Info 727  [10:31:37.600] Starting updateGraphWorker: Project: /dev/null/inferredProject2*
Info 728  [10:31:37.603] Finishing updateGraphWorker: Project: /dev/null/inferredProject2* Version: 74 structureChanged: false structureIsReused:: Completely Elapsed: 3.0060060024261475ms
Info 729  [10:31:37.604] Different program with same set of files
Info 730  [10:31:37.819] getCompletionData: Get current token: 0.037730999290943146
Info 731  [10:31:37.819] getCompletionData: Is inside comment: 0.004644997417926788
Info 732  [10:31:37.819] getCompletionData: Get previous token: 0.06373699754476547
Info 733  [10:31:37.819] getCompletionsAtPosition: isCompletionListBlocker: 0.0036609992384910583
Info 734  [10:31:37.819] getCompletionData: Semantic work: 0.10534700006246567
Info 735  [10:31:37.820] getCompletionsAtPosition: getCompletionEntriesFromSymbols: 0.03503800183534622
Info 736  [10:31:37.889] Starting updateGraphWorker: Project: /dev/null/inferredProject2*
Info 737  [10:31:37.892] Finishing updateGraphWorker: Project: /dev/null/inferredProject2* Version: 75 structureChanged: false structureIsReused:: Completely Elapsed: 2.4300800040364265ms
Info 738  [10:31:37.892] Different program with same set of files
Info 739  [10:31:37.892] getCompletionData: Get current token: 0.0328419953584671
Info 740  [10:31:37.892] getCompletionData: Is inside comment: 0.004495002329349518
Info 741  [10:31:37.892] getCompletionData: Get previous token: 0.10898499935865402
Info 742  [10:31:37.892] getCompletionsAtPosition: isCompletionListBlocker: 0.003421001136302948
Info 743  [10:31:37.893] getCompletionData: Semantic work: 0.6293170005083084
Info 744  [10:31:37.893] getCompletionsAtPosition: getCompletionEntriesFromSymbols: 0.02664799988269806
Info 745  [10:31:37.984] Starting updateGraphWorker: Project: /dev/null/inferredProject2*
Info 746  [10:31:37.986] Finishing updateGraphWorker: Project: /dev/null/inferredProject2* Version: 76 structureChanged: false structureIsReused:: Completely Elapsed: 2.320032000541687ms
Info 747  [10:31:37.986] Different program with same set of files
Info 748  [10:31:39.348] Starting updateGraphWorker: Project: /dev/null/inferredProject2*
Info 749  [10:31:39.353] Finishing updateGraphWorker: Project: /dev/null/inferredProject2* Version: 77 structureChanged: false structureIsReused:: Completely Elapsed: 4.06844200193882ms
Info 750  [10:31:39.353] Different program with same set of files
Info 751  [10:31:39.787] Format host information updated
Info 752  [10:32:29.824] Starting updateGraphWorker: Project: /dev/null/inferredProject2*
Info 753  [10:32:29.827] Finishing updateGraphWorker: Project: /dev/null/inferredProject2* Version: 78 structureChanged: false structureIsReused:: Completely Elapsed: 2.6751490011811256ms
Info 754  [10:32:29.827] Different program with same set of files
Info 755  [10:32:31.083] Starting updateGraphWorker: Project: /dev/null/inferredProject2*
Info 756  [10:32:31.086] Finishing updateGraphWorker: Project: /dev/null/inferredProject2* Version: 79 structureChanged: false structureIsReused:: Completely Elapsed: 2.5862020030617714ms
Info 757  [10:32:31.086] Different program with same set of files
Info 758  [10:32:31.087] getCompletionData: Get current token: 0.018725000321865082
Info 759  [10:32:31.087] getCompletionData: Is inside comment: 0.004527002573013306
Info 760  [10:32:31.087] getCompletionData: Get previous token: 0.0424409955739975
Info 761  [10:32:31.087] getCompletionsAtPosition: isCompletionListBlocker: 0.06344300508499146
Info 762  [10:32:31.087] Returning an empty list because completion was requested in an invalid position.
Info 763  [10:32:31.114] getCompletionData: Get current token: 0.017918996512889862
Info 764  [10:32:31.114] getCompletionData: Is inside comment: 0.004635997116565704
Info 765  [10:32:31.114] getCompletionData: Get previous token: 0.036639004945755005
Info 766  [10:32:31.114] getCompletionsAtPosition: isCompletionListBlocker: 0.008290000259876251
Info 767  [10:32:31.114] Returning an empty list because completion was requested in an invalid position.
Info 768  [10:32:31.117] getCompletionData: Get current token: 0.01752699911594391
Info 769  [10:32:31.117] getCompletionData: Is inside comment: 0.004896000027656555
Info 770  [10:32:31.117] getCompletionData: Get previous token: 0.035179004073143005
Info 771  [10:32:31.117] getCompletionsAtPosition: isCompletionListBlocker: 0.008553996682167053
Info 772  [10:32:31.117] Returning an empty list because completion was requested in an invalid position.
Info 773  [10:32:31.119] getCompletionData: Get current token: 0.018608003854751587
Info 774  [10:32:31.119] getCompletionData: Is inside comment: 0.00471699982881546
Info 775  [10:32:31.119] getCompletionData: Get previous token: 0.03648199886083603
Info 776  [10:32:31.119] getCompletionsAtPosition: isCompletionListBlocker: 0.008094005286693573
Info 777  [10:32:31.119] Returning an empty list because completion was requested in an invalid position.
Info 778  [10:32:31.716] Format host information updated
Info 779  [10:32:41.640] Starting updateGraphWorker: Project: /dev/null/inferredProject2*
Info 780  [10:32:41.646] Finishing updateGraphWorker: Project: /dev/null/inferredProject2* Version: 80 structureChanged: false structureIsReused:: Completely Elapsed: 5.31937500089407ms
Info 781  [10:32:41.646] Different program with same set of files
Info 782  [10:32:42.241] Starting updateGraphWorker: Project: /dev/null/inferredProject2*
Info 783  [10:32:42.246] Finishing updateGraphWorker: Project: /dev/null/inferredProject2* Version: 81 structureChanged: false structureIsReused:: Completely Elapsed: 5.0114680007100105ms
Info 784  [10:32:42.246] Different program with same set of files
Info 785  [10:32:42.247] getCompletionData: Get current token: 0.024448998272418976
Info 786  [10:32:42.247] getCompletionData: Is inside comment: 0.03746100515127182
Info 787  [10:32:42.247] getCompletionData: Get previous token: 0.05292500555515289
Info 788  [10:32:42.248] getCompletionsAtPosition: isCompletionListBlocker: 0.0031559988856315613
Info 789  [10:32:42.248] Returning an empty list because completion was requested in an invalid position.
Info 790  [10:32:42.248] getCompletionData: Get current token: 0.0215349942445755
Info 791  [10:32:42.248] getCompletionData: Is inside comment: 0.03504200279712677
Info 792  [10:32:42.248] getCompletionData: Get previous token: 0.052476994693279266
Info 793  [10:32:42.248] getCompletionsAtPosition: isCompletionListBlocker: 0.002947002649307251
Info 794  [10:32:42.248] Returning an empty list because completion was requested in an invalid position.
Info 795  [10:32:42.248] getCompletionData: Get current token: 0.02082599699497223
Info 796  [10:32:42.248] getCompletionData: Is inside comment: 0.03402499854564667
Info 797  [10:32:42.248] getCompletionData: Get previous token: 0.049390994012355804
Info 798  [10:32:42.248] getCompletionsAtPosition: isCompletionListBlocker: 0.0027159973978996277
Info 799  [10:32:42.249] Returning an empty list because completion was requested in an invalid position.
Info 800  [10:32:42.249] getCompletionData: Get current token: 0.020743004977703094
Info 801  [10:32:42.249] getCompletionData: Is inside comment: 0.03348299860954285
Info 802  [10:32:42.249] getCompletionData: Get previous token: 0.04885600507259369
Info 803  [10:32:42.249] getCompletionsAtPosition: isCompletionListBlocker: 0.0027699992060661316
Info 804  [10:32:42.249] Returning an empty list because completion was requested in an invalid position.
Info 805  [10:32:42.250] Starting updateGraphWorker: Project: /dev/null/inferredProject2*
Info 806  [10:32:42.253] Finishing updateGraphWorker: Project: /dev/null/inferredProject2* Version: 82 structureChanged: false structureIsReused:: Completely Elapsed: 2.411481998860836ms
Info 807  [10:32:42.253] Different program with same set of files
Info 808  [10:32:42.513] Starting updateGraphWorker: Project: /dev/null/inferredProject2*
Info 809  [10:32:42.519] Finishing updateGraphWorker: Project: /dev/null/inferredProject2* Version: 83 structureChanged: false structureIsReused:: Completely Elapsed: 5.482549995183945ms
Info 810  [10:32:42.519] Different program with same set of files
Info 811  [10:32:42.520] getCompletionData: Get current token: 0.026236996054649353
Info 812  [10:32:42.520] getCompletionData: Is inside comment: 0.041440002620220184
Info 813  [10:32:42.520] getCompletionData: Get previous token: 0.06336499750614166
Info 814  [10:32:42.520] getCompletionsAtPosition: isCompletionListBlocker: 0.0034980028867721558
Info 815  [10:32:42.520] Returning an empty list because completion was requested in an invalid position.
Info 816  [10:32:42.545] getCompletionData: Get current token: 0.018977999687194824
Info 817  [10:32:42.546] getCompletionData: Is inside comment: 0.027866996824741364
Info 818  [10:32:42.546] getCompletionData: Get previous token: 0.03649500012397766
Info 819  [10:32:42.546] getCompletionsAtPosition: isCompletionListBlocker: 0.0027130022644996643
Info 820  [10:32:42.546] Returning an empty list because completion was requested in an invalid position.
Info 821  [10:32:42.548] getCompletionData: Get current token: 0.054079003632068634
Info 822  [10:32:42.548] getCompletionData: Is inside comment: 0.03629600256681442
Info 823  [10:32:42.548] getCompletionData: Get previous token: 0.03936599940061569
Info 824  [10:32:42.548] getCompletionsAtPosition: isCompletionListBlocker: 0.002728000283241272
Info 825  [10:32:42.548] Returning an empty list because completion was requested in an invalid position.
Info 826  [10:32:42.550] getCompletionData: Get current token: 0.03179400414228439
Info 827  [10:32:42.550] getCompletionData: Is inside comment: 0.02984599769115448
Info 828  [10:32:42.550] getCompletionData: Get previous token: 0.043484002351760864
Info 829  [10:32:42.550] getCompletionsAtPosition: isCompletionListBlocker: 0.002769000828266144
Info 830  [10:32:42.550] Returning an empty list because completion was requested in an invalid position.
Info 831  [10:32:42.906] Starting updateGraphWorker: Project: /dev/null/inferredProject2*
Info 832  [10:32:42.910] Finishing updateGraphWorker: Project: /dev/null/inferredProject2* Version: 84 structureChanged: false structureIsReused:: Completely Elapsed: 4.288350999355316ms
Info 833  [10:32:42.910] Different program with same set of files
Info 834  [10:32:42.913] getCompletionData: Get current token: 0.02322699874639511
Info 835  [10:32:42.914] getCompletionData: Is inside comment: 0.041718997061252594
Info 836  [10:32:42.914] getCompletionData: Get previous token: 0.05318400263786316
Info 837  [10:32:42.914] getCompletionsAtPosition: isCompletionListBlocker: 0.0038339942693710327
Info 838  [10:32:42.914] Returning an empty list because completion was requested in an invalid position.
Info 839  [10:32:42.951] getCompletionData: Get current token: 0.021425001323223114
Info 840  [10:32:42.970] getCompletionData: Is inside comment: 0.07845499366521835
Info 841  [10:32:42.970] getCompletionData: Get previous token: 0.054047003388404846
Info 842  [10:32:42.970] getCompletionsAtPosition: isCompletionListBlocker: 0.003586001694202423
Info 843  [10:32:42.970] Returning an empty list because completion was requested in an invalid position.
Info 844  [10:32:42.974] getCompletionData: Get current token: 0.016430996358394623
Info 845  [10:32:42.974] getCompletionData: Is inside comment: 0.03086400032043457
Info 846  [10:32:42.974] getCompletionData: Get previous token: 0.03670300543308258
Info 847  [10:32:42.974] getCompletionsAtPosition: isCompletionListBlocker: 0.0027210041880607605
Info 848  [10:32:42.974] Returning an empty list because completion was requested in an invalid position.
Info 849  [10:32:42.976] getCompletionData: Get current token: 0.01699100434780121
Info 850  [10:32:42.976] getCompletionData: Is inside comment: 0.029582999646663666
Info 851  [10:32:42.976] getCompletionData: Get previous token: 0.03717099875211716
Info 852  [10:32:42.976] getCompletionsAtPosition: isCompletionListBlocker: 0.0029399991035461426
Info 853  [10:32:42.976] Returning an empty list because completion was requested in an invalid position.
Info 854  [10:32:43.753] Format host information updated
Info 855  [10:32:47.772] Starting updateGraphWorker: Project: /dev/null/inferredProject2*
Info 856  [10:32:47.776] Finishing updateGraphWorker: Project: /dev/null/inferredProject2* Version: 85 structureChanged: false structureIsReused:: Completely Elapsed: 4.158862002193928ms
Info 857  [10:32:47.776] Different program with same set of files
Info 858  [10:32:49.896] Format host information updated
Info 859  [10:32:53.237] Starting updateGraphWorker: Project: /dev/null/inferredProject2*
Info 860  [10:32:53.244] Finishing updateGraphWorker: Project: /dev/null/inferredProject2* Version: 86 structureChanged: false structureIsReused:: Completely Elapsed: 6.984621003270149ms
Info 861  [10:32:53.244] Different program with same set of files
Info 862  [10:32:53.719] Starting updateGraphWorker: Project: /dev/null/inferredProject2*
Info 863  [10:32:53.725] Finishing updateGraphWorker: Project: /dev/null/inferredProject2* Version: 87 structureChanged: false structureIsReused:: Completely Elapsed: 5.6478690057992935ms
Info 864  [10:32:53.725] Different program with same set of files
Info 865  [10:32:53.726] getCompletionData: Get current token: 0.03987099975347519
Info 866  [10:32:53.726] getCompletionData: Is inside comment: 0.006463997066020966
Info 867  [10:32:53.726] getCompletionData: Get previous token: 0.12124300003051758
Info 868  [10:32:53.726] getCompletionsAtPosition: isCompletionListBlocker: 0.007027000188827515
Info 869  [10:32:53.731] getCompletionData: Semantic work: 4.128503993153572
Info 870  [10:32:53.739] getCompletionsAtPosition: getCompletionEntriesFromSymbols: 8.728026002645493
Info 871  [10:32:54.269] Starting updateGraphWorker: Project: /dev/null/inferredProject2*
Info 872  [10:32:54.273] Finishing updateGraphWorker: Project: /dev/null/inferredProject2* Version: 88 structureChanged: false structureIsReused:: Completely Elapsed: 4.107050999999046ms
Info 873  [10:32:54.273] Different program with same set of files
Info 874  [10:32:54.802] Format host information updated
Info 875  [10:32:56.782] Starting updateGraphWorker: Project: /dev/null/inferredProject2*
Info 876  [10:32:56.789] Finishing updateGraphWorker: Project: /dev/null/inferredProject2* Version: 89 structureChanged: false structureIsReused:: Completely Elapsed: 6.848350003361702ms
Info 877  [10:32:56.789] Different program with same set of files
Info 878  [10:32:57.171] Starting updateGraphWorker: Project: /dev/null/inferredProject2*
Info 879  [10:32:57.175] Finishing updateGraphWorker: Project: /dev/null/inferredProject2* Version: 90 structureChanged: false structureIsReused:: Completely Elapsed: 4.135126002132893ms
Info 880  [10:32:57.175] Different program with same set of files
Info 881  [10:32:57.176] getCompletionData: Get current token: 0.036625005304813385
Info 882  [10:32:57.176] getCompletionData: Is inside comment: 0.0053820013999938965
Info 883  [10:32:57.176] getCompletionData: Get previous token: 0.1110370010137558
Info 884  [10:32:57.176] getCompletionsAtPosition: isCompletionListBlocker: 0.004503004252910614
Info 885  [10:32:57.180] getCompletionData: Semantic work: 3.7758829966187477
Info 886  [10:32:57.189] getCompletionsAtPosition: getCompletionEntriesFromSymbols: 7.652970001101494
Info 887  [10:32:57.543] Starting updateGraphWorker: Project: /dev/null/inferredProject2*
Info 888  [10:32:57.547] Finishing updateGraphWorker: Project: /dev/null/inferredProject2* Version: 91 structureChanged: false structureIsReused:: Completely Elapsed: 3.43733199685812ms
Info 889  [10:32:57.547] Different program with same set of files
Info 890  [10:32:57.804] Starting updateGraphWorker: Project: /dev/null/inferredProject2*
Info 891  [10:32:57.809] Finishing updateGraphWorker: Project: /dev/null/inferredProject2* Version: 92 structureChanged: false structureIsReused:: Completely Elapsed: 4.771135002374649ms
Info 892  [10:32:57.809] Different program with same set of files
Info 893  [10:32:59.864] Format host information updated
Info 894  [10:33:04.608] Starting updateGraphWorker: Project: /dev/null/inferredProject2*
Info 895  [10:33:04.618] Finishing updateGraphWorker: Project: /dev/null/inferredProject2* Version: 93 structureChanged: false structureIsReused:: Completely Elapsed: 9.928226001560688ms
Info 896  [10:33:04.618] Different program with same set of files
Info 897  [10:33:05.396] Starting updateGraphWorker: Project: /dev/null/inferredProject2*
Info 898  [10:33:05.400] Finishing updateGraphWorker: Project: /dev/null/inferredProject2* Version: 94 structureChanged: false structureIsReused:: Completely Elapsed: 3.833028994500637ms
Info 899  [10:33:05.400] Different program with same set of files
Info 900  [10:33:05.402] getCompletionData: Get current token: 0.015142001211643219
Info 901  [10:33:05.402] getCompletionData: Is inside comment: 0.004349999129772186
Info 902  [10:33:05.402] getCompletionData: Get previous token: 0.09919299930334091
Info 903  [10:33:05.402] getCompletionsAtPosition: isCompletionListBlocker: 0.08264800161123276
Info 904  [10:33:05.405] getExportInfoMap: cache miss or empty; calculating new results
Info 905  [10:33:05.406] getExportInfoMap: done in 0.9632410034537315 ms
Info 906  [10:33:05.406] collectAutoImports: resolved 0 module specifiers, plus 0 ambient and 0 from cache
Info 907  [10:33:05.406] collectAutoImports: response is complete
Info 908  [10:33:05.406] collectAutoImports: 0.18464600294828415
Info 909  [10:33:05.406] getCompletionData: Semantic work: 3.8667519986629486
Info 910  [10:33:05.424] getCompletionsAtPosition: getCompletionEntriesFromSymbols: 7.933374002575874
Info 911  [10:33:05.816] Format host information updated
Info 912  [11:20:04.122] Starting updateGraphWorker: Project: /dev/null/inferredProject2*
Info 913  [11:20:04.128] Finishing updateGraphWorker: Project: /dev/null/inferredProject2* Version: 95 structureChanged: false structureIsReused:: Completely Elapsed: 4.755272001028061ms
Info 914  [11:20:04.128] Different program with same set of files
Info 915  [11:20:04.808] getCompletionData: Get current token: 0.025425001978874207
Info 916  [11:20:04.808] getCompletionData: Is inside comment: 0.006018005311489105
Info 917  [11:20:04.808] getCompletionData: Get previous token: 0.12853600084781647
Info 918  [11:20:04.808] getCompletionsAtPosition: isCompletionListBlocker: 0.005098000168800354
Info 919  [11:20:04.810] getCompletionData: Semantic work: 1.5717989951372147
Info 920  [11:20:04.810] getCompletionsAtPosition: getCompletionEntriesFromSymbols: 0.03952199965715408
Info 921  [11:20:07.384] Starting updateGraphWorker: Project: /dev/null/inferredProject2*
Info 922  [11:20:07.388] Finishing updateGraphWorker: Project: /dev/null/inferredProject2* Version: 96 structureChanged: false structureIsReused:: Completely Elapsed: 3.4884399995207787ms
Info 923  [11:20:07.388] Different program with same set of files
Info 924  [11:20:07.389] getCompletionData: Get current token: 0.8521799966692924
Info 925  [11:20:07.389] getCompletionData: Is inside comment: 0.009874001145362854
Info 926  [11:20:07.389] getCompletionData: Get previous token: 0.2814759984612465
Info 927  [11:20:07.390] getCompletionsAtPosition: isCompletionListBlocker: 0.004912994801998138
Info 928  [11:20:07.390] getCompletionData: Semantic work: 0.7893199995160103
Info 929  [11:20:07.391] getCompletionsAtPosition: getCompletionEntriesFromSymbols: 0.03668099641799927
Info 930  [11:20:07.900] Starting updateGraphWorker: Project: /dev/null/inferredProject2*
Info 931  [11:20:07.906] Finishing updateGraphWorker: Project: /dev/null/inferredProject2* Version: 97 structureChanged: false structureIsReused:: Completely Elapsed: 5.317327000200748ms
Info 932  [11:20:07.906] Different program with same set of files
Info 933  [11:20:08.385] Starting updateGraphWorker: Project: /dev/null/inferredProject2*
Info 934  [11:20:08.388] Finishing updateGraphWorker: Project: /dev/null/inferredProject2* Version: 98 structureChanged: false structureIsReused:: Completely Elapsed: 3.163072995841503ms
Info 935  [11:20:08.388] Different program with same set of files
Info 936  [11:20:08.971] Format host information updated
Info 937  [11:27:36.381] Starting updateGraphWorker: Project: /dev/null/inferredProject2*
Info 938  [11:27:36.388] Finishing updateGraphWorker: Project: /dev/null/inferredProject2* Version: 99 structureChanged: false structureIsReused:: Completely Elapsed: 6.470674000680447ms
Info 939  [11:27:36.388] Different program with same set of files
Info 940  [11:27:36.393] getCompletionData: Get current token: 0.022596001625061035
Info 941  [11:27:36.393] getCompletionData: Is inside comment: 0.005874998867511749
Info 942  [11:27:36.394] getCompletionData: Get previous token: 0.7900070026516914
Info 943  [11:27:36.394] getCompletionsAtPosition: isCompletionListBlocker: 0.005179993808269501
Info 944  [11:27:36.395] getCompletionData: Semantic work: 0.7256070002913475
Info 945  [11:27:36.395] getCompletionsAtPosition: getCompletionEntriesFromSymbols: 0.037887997925281525
Info 946  [11:27:36.478] Starting updateGraphWorker: Project: /dev/null/inferredProject2*
Info 947  [11:27:36.482] Finishing updateGraphWorker: Project: /dev/null/inferredProject2* Version: 100 structureChanged: false structureIsReused:: Completely Elapsed: 3.8578080013394356ms
Info 948  [11:27:36.482] Different program with same set of files
Info 949  [11:27:36.483] getCompletionData: Get current token: 0.015824005007743835
Info 950  [11:27:36.483] getCompletionData: Is inside comment: 0.0041470006108284
Info 951  [11:27:36.483] getCompletionData: Get previous token: 0.09861399978399277
Info 952  [11:27:36.483] getCompletionsAtPosition: isCompletionListBlocker: 0.0033390000462532043
Info 953  [11:27:36.484] getCompletionData: Semantic work: 0.5214419960975647
Info 954  [11:27:36.484] getCompletionsAtPosition: getCompletionEntriesFromSymbols: 0.04267500340938568
Info 955  [11:27:37.033] Starting updateGraphWorker: Project: /dev/null/inferredProject2*
Info 956  [11:27:37.038] Finishing updateGraphWorker: Project: /dev/null/inferredProject2* Version: 101 structureChanged: false structureIsReused:: Completely Elapsed: 5.584633000195026ms
Info 957  [11:27:37.038] Different program with same set of files
Info 958  [11:27:37.933] Starting updateGraphWorker: Project: /dev/null/inferredProject2*
Info 959  [11:27:37.943] Finishing updateGraphWorker: Project: /dev/null/inferredProject2* Version: 102 structureChanged: false structureIsReused:: Completely Elapsed: 9.094156004488468ms
Info 960  [11:27:37.943] Different program with same set of files
Info 961  [11:27:38.385] Format host information updated
Info 962  [11:28:01.359] Starting updateGraphWorker: Project: /dev/null/inferredProject2*
Info 963  [11:28:01.366] Finishing updateGraphWorker: Project: /dev/null/inferredProject2* Version: 103 structureChanged: false structureIsReused:: Completely Elapsed: 6.36209399998188ms
Info 964  [11:28:01.366] Different program with same set of files
Info 965  [11:28:01.368] Starting updateGraphWorker: Project: /dev/null/inferredProject2*
Info 966  [11:28:01.371] Finishing updateGraphWorker: Project: /dev/null/inferredProject2* Version: 104 structureChanged: false structureIsReused:: Completely Elapsed: 2.9265929982066154ms
Info 967  [11:28:01.371] Different program with same set of files
Info 968  [11:28:01.807] Starting updateGraphWorker: Project: /dev/null/inferredProject2*
Info 969  [11:28:01.812] Finishing updateGraphWorker: Project: /dev/null/inferredProject2* Version: 105 structureChanged: false structureIsReused:: Completely Elapsed: 5.543843999505043ms
Info 970  [11:28:01.812] Different program with same set of files
Info 971  [11:28:01.813] getCompletionData: Get current token: 0.022887997329235077
Info 972  [11:28:01.813] getCompletionData: Is inside comment: 0.004653997719287872
Info 973  [11:28:01.814] getCompletionData: Get previous token: 0.14973599463701248
Info 974  [11:28:01.814] getCompletionsAtPosition: isCompletionListBlocker: 0.004790998995304108
Info 975  [11:28:01.815] getCompletionData: Semantic work: 0.8370120003819466
Info 976  [11:28:01.815] getCompletionsAtPosition: getCompletionEntriesFromSymbols: 0.04855799674987793
Info 977  [11:28:02.272] Starting updateGraphWorker: Project: /dev/null/inferredProject2*
Info 978  [11:28:02.277] Finishing updateGraphWorker: Project: /dev/null/inferredProject2* Version: 106 structureChanged: false structureIsReused:: Completely Elapsed: 5.3556070029735565ms
Info 979  [11:28:02.277] Different program with same set of files
Info 980  [11:28:02.647] Starting updateGraphWorker: Project: /dev/null/inferredProject2*
Info 981  [11:28:02.652] Finishing updateGraphWorker: Project: /dev/null/inferredProject2* Version: 107 structureChanged: false structureIsReused:: Completely Elapsed: 4.848770000040531ms
Info 982  [11:28:02.652] Different program with same set of files
Info 983  [11:28:02.653] getCompletionData: Get current token: 0.02746099978685379
Info 984  [11:28:02.653] getCompletionData: Is inside comment: 0.010007999837398529
Info 985  [11:28:02.653] getCompletionData: Get previous token: 0.17294500023126602
Info 986  [11:28:02.653] getCompletionsAtPosition: isCompletionListBlocker: 0.005028001964092255
Info 987  [11:28:02.655] getCompletionData: Semantic work: 0.999889999628067
Info 988  [11:28:02.655] getCompletionsAtPosition: getCompletionEntriesFromSymbols: 0.03371800482273102
Info 989  [11:28:03.113] Format host information updated
Info 990  [11:45:21.496] Search path: /Users/ale/Workspace/sepa-spikes/rust-go-cardless/public/src
Info 991  [11:45:21.497] For info: /Users/ale/Workspace/sepa-spikes/rust-go-cardless/public/src/bank-accounts-service.js :: No config files found.
Info 992  [11:45:21.498] Starting updateGraphWorker: Project: /dev/null/inferredProject4*
Info 993  [11:45:21.513] Finishing updateGraphWorker: Project: /dev/null/inferredProject4* Version: 2 structureChanged: true structureIsReused:: Not Elapsed: 14.80290299654007ms
Info 994  [11:45:21.513] Project '/dev/null/inferredProject4*' (Inferred)
Info 995  [11:45:21.513] 	Files (19)

Info 996  [11:45:21.513] -----------------------------------------------
Info 997  [11:45:26.329] Search path: /Users/ale/Workspace/sepa-spikes/rust-go-cardless/public/src
Info 998  [11:45:26.329] For info: /Users/ale/Workspace/sepa-spikes/rust-go-cardless/public/src/bank-accounts.js :: No config files found.
Info 999  [11:45:26.332] Starting updateGraphWorker: Project: /dev/null/inferredProject6*
Info 1000 [11:45:26.368] Finishing updateGraphWorker: Project: /dev/null/inferredProject6* Version: 1 structureChanged: true structureIsReused:: Not Elapsed: 13.960472002625465ms
Info 1001 [11:45:26.368] Project '/dev/null/inferredProject6*' (Inferred)
Info 1002 [11:45:26.368] 	Files (19)

Info 1003 [11:45:26.368] -----------------------------------------------
